INFO - 2025-09-04 16:31:37 --> Session: Class initialized using 'CodeIgniter\Session\Handlers\FileHandler' driver.
CRITICAL - 2025-09-04 16:31:37 --> Trying to access array offset on value of type null
in SYSTEMPATH/Debug/Toolbar.php on line 197.
 1 SYSTEMPATH/Debug/Toolbar.php(197): CodeIgniter\Debug\Exceptions->errorHandler()
 2 SYSTEMPATH/Debug/Toolbar.php(180): CodeIgniter\Debug\Toolbar->renderTimelineRecursive()
 3 SYSTEMPATH/Debug/Toolbar/Views/toolbar.tpl.php(102): CodeIgniter\Debug\Toolbar->renderTimeline()
 4 SYSTEMPATH/Debug/Toolbar.php(513): include('/var/www/html/finalbnk/vendor/codeigniter4/framework/system/Debug/Toolbar/Views/toolbar.tpl.php')
 5 SYSTEMPATH/Debug/Toolbar.php(476): CodeIgniter\Debug\Toolbar->format()
 6 APPPATH/Config/Events.php(47): CodeIgniter\Debug\Toolbar->respond()
 7 SYSTEMPATH/Events/Events.php(154): CodeIgniter\Events\Events::Config\{closure}()
 8 SYSTEMPATH/CodeIgniter.php(442): CodeIgniter\Events\Events::trigger()
 9 SYSTEMPATH/CodeIgniter.php(361): CodeIgniter\CodeIgniter->handleRequest()
10 FCPATH/index.php(79): CodeIgniter\CodeIgniter->run()
11 SYSTEMPATH/Commands/Server/rewrite.php(47): require_once('/var/www/html/finalbnk/public/index.php')
INFO - 2025-09-04 16:36:41 --> Session: Class initialized using 'CodeIgniter\Session\Handlers\FileHandler' driver.
INFO - 2025-09-04 16:36:43 --> Session: Class initialized using 'CodeIgniter\Session\Handlers\FileHandler' driver.
CRITICAL - 2025-09-04 16:36:43 --> Trying to access array offset on value of type null
in SYSTEMPATH/Debug/Toolbar.php on line 197.
 1 SYSTEMPATH/Debug/Toolbar.php(197): CodeIgniter\Debug\Exceptions->errorHandler()
 2 SYSTEMPATH/Debug/Toolbar.php(180): CodeIgniter\Debug\Toolbar->renderTimelineRecursive()
 3 SYSTEMPATH/Debug/Toolbar/Views/toolbar.tpl.php(102): CodeIgniter\Debug\Toolbar->renderTimeline()
 4 SYSTEMPATH/Debug/Toolbar.php(513): include('/var/www/html/finalbnk/vendor/codeigniter4/framework/system/Debug/Toolbar/Views/toolbar.tpl.php')
 5 SYSTEMPATH/Debug/Toolbar.php(476): CodeIgniter\Debug\Toolbar->format()
 6 APPPATH/Config/Events.php(47): CodeIgniter\Debug\Toolbar->respond()
 7 SYSTEMPATH/Events/Events.php(154): CodeIgniter\Events\Events::Config\{closure}()
 8 SYSTEMPATH/CodeIgniter.php(442): CodeIgniter\Events\Events::trigger()
 9 SYSTEMPATH/CodeIgniter.php(361): CodeIgniter\CodeIgniter->handleRequest()
10 FCPATH/index.php(79): CodeIgniter\CodeIgniter->run()
11 SYSTEMPATH/Commands/Server/rewrite.php(47): require_once('/var/www/html/finalbnk/public/index.php')
INFO - 2025-09-04 16:37:03 --> Session: Class initialized using 'CodeIgniter\Session\Handlers\FileHandler' driver.
CRITICAL - 2025-09-04 16:37:03 --> Trying to access array offset on value of type null
in SYSTEMPATH/Debug/Toolbar.php on line 197.
 1 SYSTEMPATH/Debug/Toolbar.php(197): CodeIgniter\Debug\Exceptions->errorHandler()
 2 SYSTEMPATH/Debug/Toolbar.php(180): CodeIgniter\Debug\Toolbar->renderTimelineRecursive()
 3 SYSTEMPATH/Debug/Toolbar/Views/toolbar.tpl.php(102): CodeIgniter\Debug\Toolbar->renderTimeline()
 4 SYSTEMPATH/Debug/Toolbar.php(513): include('/var/www/html/finalbnk/vendor/codeigniter4/framework/system/Debug/Toolbar/Views/toolbar.tpl.php')
 5 SYSTEMPATH/Debug/Toolbar.php(476): CodeIgniter\Debug\Toolbar->format()
 6 APPPATH/Config/Events.php(47): CodeIgniter\Debug\Toolbar->respond()
 7 SYSTEMPATH/Events/Events.php(154): CodeIgniter\Events\Events::Config\{closure}()
 8 SYSTEMPATH/CodeIgniter.php(442): CodeIgniter\Events\Events::trigger()
 9 SYSTEMPATH/CodeIgniter.php(361): CodeIgniter\CodeIgniter->handleRequest()
10 FCPATH/index.php(79): CodeIgniter\CodeIgniter->run()
11 SYSTEMPATH/Commands/Server/rewrite.php(47): require_once('/var/www/html/finalbnk/public/index.php')
INFO - 2025-09-04 16:46:06 --> Session: Class initialized using 'CodeIgniter\Session\Handlers\FileHandler' driver.
CRITICAL - 2025-09-04 16:46:07 --> Trying to access array offset on value of type null
in SYSTEMPATH/Debug/Toolbar.php on line 197.
 1 SYSTEMPATH/Debug/Toolbar.php(197): CodeIgniter\Debug\Exceptions->errorHandler()
 2 SYSTEMPATH/Debug/Toolbar.php(180): CodeIgniter\Debug\Toolbar->renderTimelineRecursive()
 3 SYSTEMPATH/Debug/Toolbar/Views/toolbar.tpl.php(102): CodeIgniter\Debug\Toolbar->renderTimeline()
 4 SYSTEMPATH/Debug/Toolbar.php(513): include('/var/www/html/finalbnk/vendor/codeigniter4/framework/system/Debug/Toolbar/Views/toolbar.tpl.php')
 5 SYSTEMPATH/Debug/Toolbar.php(476): CodeIgniter\Debug\Toolbar->format()
 6 APPPATH/Config/Events.php(47): CodeIgniter\Debug\Toolbar->respond()
 7 SYSTEMPATH/Events/Events.php(154): CodeIgniter\Events\Events::Config\{closure}()
 8 SYSTEMPATH/CodeIgniter.php(442): CodeIgniter\Events\Events::trigger()
 9 SYSTEMPATH/CodeIgniter.php(361): CodeIgniter\CodeIgniter->handleRequest()
10 FCPATH/index.php(79): CodeIgniter\CodeIgniter->run()
11 SYSTEMPATH/Commands/Server/rewrite.php(47): require_once('/var/www/html/finalbnk/public/index.php')
INFO - 2025-09-04 16:47:08 --> Session: Class initialized using 'CodeIgniter\Session\Handlers\FileHandler' driver.
CRITICAL - 2025-09-04 16:47:08 --> Trying to access array offset on value of type null
in SYSTEMPATH/Debug/Toolbar.php on line 197.
 1 SYSTEMPATH/Debug/Toolbar.php(197): CodeIgniter\Debug\Exceptions->errorHandler()
 2 SYSTEMPATH/Debug/Toolbar.php(180): CodeIgniter\Debug\Toolbar->renderTimelineRecursive()
 3 SYSTEMPATH/Debug/Toolbar/Views/toolbar.tpl.php(102): CodeIgniter\Debug\Toolbar->renderTimeline()
 4 SYSTEMPATH/Debug/Toolbar.php(513): include('/var/www/html/finalbnk/vendor/codeigniter4/framework/system/Debug/Toolbar/Views/toolbar.tpl.php')
 5 SYSTEMPATH/Debug/Toolbar.php(476): CodeIgniter\Debug\Toolbar->format()
 6 APPPATH/Config/Events.php(47): CodeIgniter\Debug\Toolbar->respond()
 7 SYSTEMPATH/Events/Events.php(154): CodeIgniter\Events\Events::Config\{closure}()
 8 SYSTEMPATH/CodeIgniter.php(442): CodeIgniter\Events\Events::trigger()
 9 SYSTEMPATH/CodeIgniter.php(361): CodeIgniter\CodeIgniter->handleRequest()
10 FCPATH/index.php(79): CodeIgniter\CodeIgniter->run()
11 SYSTEMPATH/Commands/Server/rewrite.php(47): require_once('/var/www/html/finalbnk/public/index.php')
INFO - 2025-09-04 16:47:52 --> Session: Class initialized using 'CodeIgniter\Session\Handlers\FileHandler' driver.
CRITICAL - 2025-09-04 16:47:52 --> Trying to access array offset on value of type null
in SYSTEMPATH/Debug/Toolbar.php on line 197.
 1 SYSTEMPATH/Debug/Toolbar.php(197): CodeIgniter\Debug\Exceptions->errorHandler()
 2 SYSTEMPATH/Debug/Toolbar.php(180): CodeIgniter\Debug\Toolbar->renderTimelineRecursive()
 3 SYSTEMPATH/Debug/Toolbar/Views/toolbar.tpl.php(102): CodeIgniter\Debug\Toolbar->renderTimeline()
 4 SYSTEMPATH/Debug/Toolbar.php(513): include('/var/www/html/finalbnk/vendor/codeigniter4/framework/system/Debug/Toolbar/Views/toolbar.tpl.php')
 5 SYSTEMPATH/Debug/Toolbar.php(476): CodeIgniter\Debug\Toolbar->format()
 6 APPPATH/Config/Events.php(47): CodeIgniter\Debug\Toolbar->respond()
 7 SYSTEMPATH/Events/Events.php(154): CodeIgniter\Events\Events::Config\{closure}()
 8 SYSTEMPATH/CodeIgniter.php(442): CodeIgniter\Events\Events::trigger()
 9 SYSTEMPATH/CodeIgniter.php(361): CodeIgniter\CodeIgniter->handleRequest()
10 FCPATH/index.php(79): CodeIgniter\CodeIgniter->run()
11 SYSTEMPATH/Commands/Server/rewrite.php(47): require_once('/var/www/html/finalbnk/public/index.php')
INFO - 2025-09-04 16:52:22 --> Session: Class initialized using 'CodeIgniter\Session\Handlers\FileHandler' driver.
CRITICAL - 2025-09-04 16:52:22 --> Trying to access array offset on value of type null
in SYSTEMPATH/Debug/Toolbar.php on line 197.
 1 SYSTEMPATH/Debug/Toolbar.php(197): CodeIgniter\Debug\Exceptions->errorHandler()
 2 SYSTEMPATH/Debug/Toolbar.php(180): CodeIgniter\Debug\Toolbar->renderTimelineRecursive()
 3 SYSTEMPATH/Debug/Toolbar/Views/toolbar.tpl.php(102): CodeIgniter\Debug\Toolbar->renderTimeline()
 4 SYSTEMPATH/Debug/Toolbar.php(513): include('/var/www/html/finalbnk/vendor/codeigniter4/framework/system/Debug/Toolbar/Views/toolbar.tpl.php')
 5 SYSTEMPATH/Debug/Toolbar.php(476): CodeIgniter\Debug\Toolbar->format()
 6 APPPATH/Config/Events.php(47): CodeIgniter\Debug\Toolbar->respond()
 7 SYSTEMPATH/Events/Events.php(154): CodeIgniter\Events\Events::Config\{closure}()
 8 SYSTEMPATH/CodeIgniter.php(442): CodeIgniter\Events\Events::trigger()
 9 SYSTEMPATH/CodeIgniter.php(361): CodeIgniter\CodeIgniter->handleRequest()
10 FCPATH/index.php(79): CodeIgniter\CodeIgniter->run()
11 SYSTEMPATH/Commands/Server/rewrite.php(47): require_once('/var/www/html/finalbnk/public/index.php')
INFO - 2025-09-04 16:52:41 --> Session: Class initialized using 'CodeIgniter\Session\Handlers\FileHandler' driver.
CRITICAL - 2025-09-04 16:52:42 --> Trying to access array offset on value of type null
in SYSTEMPATH/Debug/Toolbar.php on line 197.
 1 SYSTEMPATH/Debug/Toolbar.php(197): CodeIgniter\Debug\Exceptions->errorHandler()
 2 SYSTEMPATH/Debug/Toolbar.php(180): CodeIgniter\Debug\Toolbar->renderTimelineRecursive()
 3 SYSTEMPATH/Debug/Toolbar/Views/toolbar.tpl.php(102): CodeIgniter\Debug\Toolbar->renderTimeline()
 4 SYSTEMPATH/Debug/Toolbar.php(513): include('/var/www/html/finalbnk/vendor/codeigniter4/framework/system/Debug/Toolbar/Views/toolbar.tpl.php')
 5 SYSTEMPATH/Debug/Toolbar.php(476): CodeIgniter\Debug\Toolbar->format()
 6 APPPATH/Config/Events.php(47): CodeIgniter\Debug\Toolbar->respond()
 7 SYSTEMPATH/Events/Events.php(154): CodeIgniter\Events\Events::Config\{closure}()
 8 SYSTEMPATH/CodeIgniter.php(442): CodeIgniter\Events\Events::trigger()
 9 SYSTEMPATH/CodeIgniter.php(361): CodeIgniter\CodeIgniter->handleRequest()
10 FCPATH/index.php(79): CodeIgniter\CodeIgniter->run()
11 SYSTEMPATH/Commands/Server/rewrite.php(47): require_once('/var/www/html/finalbnk/public/index.php')
INFO - 2025-09-04 16:52:55 --> Session: Class initialized using 'CodeIgniter\Session\Handlers\FileHandler' driver.
CRITICAL - 2025-09-04 16:52:55 --> Trying to access array offset on value of type null
in SYSTEMPATH/Debug/Toolbar.php on line 197.
 1 SYSTEMPATH/Debug/Toolbar.php(197): CodeIgniter\Debug\Exceptions->errorHandler()
 2 SYSTEMPATH/Debug/Toolbar.php(180): CodeIgniter\Debug\Toolbar->renderTimelineRecursive()
 3 SYSTEMPATH/Debug/Toolbar/Views/toolbar.tpl.php(102): CodeIgniter\Debug\Toolbar->renderTimeline()
 4 SYSTEMPATH/Debug/Toolbar.php(513): include('/var/www/html/finalbnk/vendor/codeigniter4/framework/system/Debug/Toolbar/Views/toolbar.tpl.php')
 5 SYSTEMPATH/Debug/Toolbar.php(476): CodeIgniter\Debug\Toolbar->format()
 6 APPPATH/Config/Events.php(47): CodeIgniter\Debug\Toolbar->respond()
 7 SYSTEMPATH/Events/Events.php(154): CodeIgniter\Events\Events::Config\{closure}()
 8 SYSTEMPATH/CodeIgniter.php(442): CodeIgniter\Events\Events::trigger()
 9 SYSTEMPATH/CodeIgniter.php(361): CodeIgniter\CodeIgniter->handleRequest()
10 FCPATH/index.php(79): CodeIgniter\CodeIgniter->run()
11 SYSTEMPATH/Commands/Server/rewrite.php(47): require_once('/var/www/html/finalbnk/public/index.php')
INFO - 2025-09-04 16:53:40 --> Session: Class initialized using 'CodeIgniter\Session\Handlers\FileHandler' driver.
CRITICAL - 2025-09-04 16:53:40 --> Trying to access array offset on value of type null
in SYSTEMPATH/Debug/Toolbar.php on line 197.
 1 SYSTEMPATH/Debug/Toolbar.php(197): CodeIgniter\Debug\Exceptions->errorHandler()
 2 SYSTEMPATH/Debug/Toolbar.php(180): CodeIgniter\Debug\Toolbar->renderTimelineRecursive()
 3 SYSTEMPATH/Debug/Toolbar/Views/toolbar.tpl.php(102): CodeIgniter\Debug\Toolbar->renderTimeline()
 4 SYSTEMPATH/Debug/Toolbar.php(513): include('/var/www/html/finalbnk/vendor/codeigniter4/framework/system/Debug/Toolbar/Views/toolbar.tpl.php')
 5 SYSTEMPATH/Debug/Toolbar.php(476): CodeIgniter\Debug\Toolbar->format()
 6 APPPATH/Config/Events.php(47): CodeIgniter\Debug\Toolbar->respond()
 7 SYSTEMPATH/Events/Events.php(154): CodeIgniter\Events\Events::Config\{closure}()
 8 SYSTEMPATH/CodeIgniter.php(442): CodeIgniter\Events\Events::trigger()
 9 SYSTEMPATH/CodeIgniter.php(361): CodeIgniter\CodeIgniter->handleRequest()
10 FCPATH/index.php(79): CodeIgniter\CodeIgniter->run()
11 SYSTEMPATH/Commands/Server/rewrite.php(47): require_once('/var/www/html/finalbnk/public/index.php')
INFO - 2025-09-04 16:56:05 --> Session: Class initialized using 'CodeIgniter\Session\Handlers\FileHandler' driver.
CRITICAL - 2025-09-04 16:56:05 --> Trying to access array offset on value of type null
in SYSTEMPATH/Debug/Toolbar.php on line 197.
 1 SYSTEMPATH/Debug/Toolbar.php(197): CodeIgniter\Debug\Exceptions->errorHandler()
 2 SYSTEMPATH/Debug/Toolbar.php(180): CodeIgniter\Debug\Toolbar->renderTimelineRecursive()
 3 SYSTEMPATH/Debug/Toolbar/Views/toolbar.tpl.php(102): CodeIgniter\Debug\Toolbar->renderTimeline()
 4 SYSTEMPATH/Debug/Toolbar.php(513): include('/var/www/html/finalbnk/vendor/codeigniter4/framework/system/Debug/Toolbar/Views/toolbar.tpl.php')
 5 SYSTEMPATH/Debug/Toolbar.php(476): CodeIgniter\Debug\Toolbar->format()
 6 APPPATH/Config/Events.php(47): CodeIgniter\Debug\Toolbar->respond()
 7 SYSTEMPATH/Events/Events.php(154): CodeIgniter\Events\Events::Config\{closure}()
 8 SYSTEMPATH/CodeIgniter.php(442): CodeIgniter\Events\Events::trigger()
 9 SYSTEMPATH/CodeIgniter.php(361): CodeIgniter\CodeIgniter->handleRequest()
10 FCPATH/index.php(79): CodeIgniter\CodeIgniter->run()
11 SYSTEMPATH/Commands/Server/rewrite.php(47): require_once('/var/www/html/finalbnk/public/index.php')
INFO - 2025-09-04 16:56:42 --> Session: Class initialized using 'CodeIgniter\Session\Handlers\FileHandler' driver.
CRITICAL - 2025-09-04 16:56:42 --> Trying to access array offset on value of type null
in SYSTEMPATH/Debug/Toolbar.php on line 197.
 1 SYSTEMPATH/Debug/Toolbar.php(197): CodeIgniter\Debug\Exceptions->errorHandler()
 2 SYSTEMPATH/Debug/Toolbar.php(180): CodeIgniter\Debug\Toolbar->renderTimelineRecursive()
 3 SYSTEMPATH/Debug/Toolbar/Views/toolbar.tpl.php(102): CodeIgniter\Debug\Toolbar->renderTimeline()
 4 SYSTEMPATH/Debug/Toolbar.php(513): include('/var/www/html/finalbnk/vendor/codeigniter4/framework/system/Debug/Toolbar/Views/toolbar.tpl.php')
 5 SYSTEMPATH/Debug/Toolbar.php(476): CodeIgniter\Debug\Toolbar->format()
 6 APPPATH/Config/Events.php(47): CodeIgniter\Debug\Toolbar->respond()
 7 SYSTEMPATH/Events/Events.php(154): CodeIgniter\Events\Events::Config\{closure}()
 8 SYSTEMPATH/CodeIgniter.php(442): CodeIgniter\Events\Events::trigger()
 9 SYSTEMPATH/CodeIgniter.php(361): CodeIgniter\CodeIgniter->handleRequest()
10 FCPATH/index.php(79): CodeIgniter\CodeIgniter->run()
11 SYSTEMPATH/Commands/Server/rewrite.php(47): require_once('/var/www/html/finalbnk/public/index.php')
INFO - 2025-09-04 16:58:01 --> Session: Class initialized using 'CodeIgniter\Session\Handlers\FileHandler' driver.
CRITICAL - 2025-09-04 16:58:01 --> Trying to access array offset on value of type null
in SYSTEMPATH/Debug/Toolbar.php on line 197.
 1 SYSTEMPATH/Debug/Toolbar.php(197): CodeIgniter\Debug\Exceptions->errorHandler()
 2 SYSTEMPATH/Debug/Toolbar.php(180): CodeIgniter\Debug\Toolbar->renderTimelineRecursive()
 3 SYSTEMPATH/Debug/Toolbar/Views/toolbar.tpl.php(102): CodeIgniter\Debug\Toolbar->renderTimeline()
 4 SYSTEMPATH/Debug/Toolbar.php(513): include('/var/www/html/finalbnk/vendor/codeigniter4/framework/system/Debug/Toolbar/Views/toolbar.tpl.php')
 5 SYSTEMPATH/Debug/Toolbar.php(476): CodeIgniter\Debug\Toolbar->format()
 6 APPPATH/Config/Events.php(47): CodeIgniter\Debug\Toolbar->respond()
 7 SYSTEMPATH/Events/Events.php(154): CodeIgniter\Events\Events::Config\{closure}()
 8 SYSTEMPATH/CodeIgniter.php(442): CodeIgniter\Events\Events::trigger()
 9 SYSTEMPATH/CodeIgniter.php(361): CodeIgniter\CodeIgniter->handleRequest()
10 FCPATH/index.php(79): CodeIgniter\CodeIgniter->run()
11 SYSTEMPATH/Commands/Server/rewrite.php(47): require_once('/var/www/html/finalbnk/public/index.php')
INFO - 2025-09-04 16:58:04 --> Session: Class initialized using 'CodeIgniter\Session\Handlers\FileHandler' driver.
CRITICAL - 2025-09-04 16:58:04 --> Trying to access array offset on value of type null
in SYSTEMPATH/Debug/Toolbar.php on line 197.
 1 SYSTEMPATH/Debug/Toolbar.php(197): CodeIgniter\Debug\Exceptions->errorHandler()
 2 SYSTEMPATH/Debug/Toolbar.php(180): CodeIgniter\Debug\Toolbar->renderTimelineRecursive()
 3 SYSTEMPATH/Debug/Toolbar/Views/toolbar.tpl.php(102): CodeIgniter\Debug\Toolbar->renderTimeline()
 4 SYSTEMPATH/Debug/Toolbar.php(513): include('/var/www/html/finalbnk/vendor/codeigniter4/framework/system/Debug/Toolbar/Views/toolbar.tpl.php')
 5 SYSTEMPATH/Debug/Toolbar.php(476): CodeIgniter\Debug\Toolbar->format()
 6 APPPATH/Config/Events.php(47): CodeIgniter\Debug\Toolbar->respond()
 7 SYSTEMPATH/Events/Events.php(154): CodeIgniter\Events\Events::Config\{closure}()
 8 SYSTEMPATH/CodeIgniter.php(442): CodeIgniter\Events\Events::trigger()
 9 SYSTEMPATH/CodeIgniter.php(361): CodeIgniter\CodeIgniter->handleRequest()
10 FCPATH/index.php(79): CodeIgniter\CodeIgniter->run()
11 SYSTEMPATH/Commands/Server/rewrite.php(47): require_once('/var/www/html/finalbnk/public/index.php')
INFO - 2025-09-04 16:58:14 --> Session: Class initialized using 'CodeIgniter\Session\Handlers\FileHandler' driver.
CRITICAL - 2025-09-04 16:58:14 --> Trying to access array offset on value of type null
in SYSTEMPATH/Debug/Toolbar.php on line 197.
 1 SYSTEMPATH/Debug/Toolbar.php(197): CodeIgniter\Debug\Exceptions->errorHandler()
 2 SYSTEMPATH/Debug/Toolbar.php(180): CodeIgniter\Debug\Toolbar->renderTimelineRecursive()
 3 SYSTEMPATH/Debug/Toolbar/Views/toolbar.tpl.php(102): CodeIgniter\Debug\Toolbar->renderTimeline()
 4 SYSTEMPATH/Debug/Toolbar.php(513): include('/var/www/html/finalbnk/vendor/codeigniter4/framework/system/Debug/Toolbar/Views/toolbar.tpl.php')
 5 SYSTEMPATH/Debug/Toolbar.php(476): CodeIgniter\Debug\Toolbar->format()
 6 APPPATH/Config/Events.php(47): CodeIgniter\Debug\Toolbar->respond()
 7 SYSTEMPATH/Events/Events.php(154): CodeIgniter\Events\Events::Config\{closure}()
 8 SYSTEMPATH/CodeIgniter.php(442): CodeIgniter\Events\Events::trigger()
 9 SYSTEMPATH/CodeIgniter.php(361): CodeIgniter\CodeIgniter->handleRequest()
10 FCPATH/index.php(79): CodeIgniter\CodeIgniter->run()
11 SYSTEMPATH/Commands/Server/rewrite.php(47): require_once('/var/www/html/finalbnk/public/index.php')
INFO - 2025-09-04 16:59:11 --> Session: Class initialized using 'CodeIgniter\Session\Handlers\FileHandler' driver.
CRITICAL - 2025-09-04 16:59:11 --> Trying to access array offset on value of type null
in SYSTEMPATH/Debug/Toolbar.php on line 197.
 1 SYSTEMPATH/Debug/Toolbar.php(197): CodeIgniter\Debug\Exceptions->errorHandler()
 2 SYSTEMPATH/Debug/Toolbar.php(180): CodeIgniter\Debug\Toolbar->renderTimelineRecursive()
 3 SYSTEMPATH/Debug/Toolbar/Views/toolbar.tpl.php(102): CodeIgniter\Debug\Toolbar->renderTimeline()
 4 SYSTEMPATH/Debug/Toolbar.php(513): include('/var/www/html/finalbnk/vendor/codeigniter4/framework/system/Debug/Toolbar/Views/toolbar.tpl.php')
 5 SYSTEMPATH/Debug/Toolbar.php(476): CodeIgniter\Debug\Toolbar->format()
 6 APPPATH/Config/Events.php(47): CodeIgniter\Debug\Toolbar->respond()
 7 SYSTEMPATH/Events/Events.php(154): CodeIgniter\Events\Events::Config\{closure}()
 8 SYSTEMPATH/CodeIgniter.php(442): CodeIgniter\Events\Events::trigger()
 9 SYSTEMPATH/CodeIgniter.php(361): CodeIgniter\CodeIgniter->handleRequest()
10 FCPATH/index.php(79): CodeIgniter\CodeIgniter->run()
11 SYSTEMPATH/Commands/Server/rewrite.php(47): require_once('/var/www/html/finalbnk/public/index.php')
INFO - 2025-09-04 16:59:37 --> Session: Class initialized using 'CodeIgniter\Session\Handlers\FileHandler' driver.
CRITICAL - 2025-09-04 16:59:37 --> Trying to access array offset on value of type null
in SYSTEMPATH/Debug/Toolbar.php on line 197.
 1 SYSTEMPATH/Debug/Toolbar.php(197): CodeIgniter\Debug\Exceptions->errorHandler()
 2 SYSTEMPATH/Debug/Toolbar.php(180): CodeIgniter\Debug\Toolbar->renderTimelineRecursive()
 3 SYSTEMPATH/Debug/Toolbar/Views/toolbar.tpl.php(102): CodeIgniter\Debug\Toolbar->renderTimeline()
 4 SYSTEMPATH/Debug/Toolbar.php(513): include('/var/www/html/finalbnk/vendor/codeigniter4/framework/system/Debug/Toolbar/Views/toolbar.tpl.php')
 5 SYSTEMPATH/Debug/Toolbar.php(476): CodeIgniter\Debug\Toolbar->format()
 6 APPPATH/Config/Events.php(47): CodeIgniter\Debug\Toolbar->respond()
 7 SYSTEMPATH/Events/Events.php(154): CodeIgniter\Events\Events::Config\{closure}()
 8 SYSTEMPATH/CodeIgniter.php(442): CodeIgniter\Events\Events::trigger()
 9 SYSTEMPATH/CodeIgniter.php(361): CodeIgniter\CodeIgniter->handleRequest()
10 FCPATH/index.php(79): CodeIgniter\CodeIgniter->run()
11 SYSTEMPATH/Commands/Server/rewrite.php(47): require_once('/var/www/html/finalbnk/public/index.php')
