INFO - 2025-07-21 14:38:05 --> Session: Class initialized using 'CodeIgniter\Session\Handlers\FileHandler' driver.
CRITICAL - 2025-07-21 14:38:05 --> Trying to access array offset on value of type null
in SYSTEMPATH/Debug/Toolbar.php on line 197.
 1 SYSTEMPATH/Debug/Toolbar.php(197): CodeIgniter\Debug\Exceptions->errorHandler()
 2 SYSTEMPATH/Debug/Toolbar.php(180): CodeIgniter\Debug\Toolbar->renderTimelineRecursive()
 3 SYSTEMPATH/Debug/Toolbar/Views/toolbar.tpl.php(102): CodeIgniter\Debug\Toolbar->renderTimeline()
 4 SYSTEMPATH/Debug/Toolbar.php(513): include('/var/www/html/finalbnk/vendor/codeigniter4/framework/system/Debug/Toolbar/Views/toolbar.tpl.php')
 5 SYSTEMPATH/Debug/Toolbar.php(476): CodeIgniter\Debug\Toolbar->format()
 6 APPPATH/Config/Events.php(47): CodeIgniter\Debug\Toolbar->respond()
 7 SYSTEMPATH/Events/Events.php(154): CodeIgniter\Events\Events::Config\{closure}()
 8 SYSTEMPATH/CodeIgniter.php(442): CodeIgniter\Events\Events::trigger()
 9 SYSTEMPATH/CodeIgniter.php(361): CodeIgniter\CodeIgniter->handleRequest()
10 FCPATH/index.php(79): CodeIgniter\CodeIgniter->run()
11 SYSTEMPATH/Commands/Server/rewrite.php(47): require_once('/var/www/html/finalbnk/public/index.php')
INFO - 2025-07-21 14:38:09 --> Session: Class initialized using 'CodeIgniter\Session\Handlers\FileHandler' driver.
CRITICAL - 2025-07-21 14:38:09 --> Trying to access array offset on value of type null
in SYSTEMPATH/Debug/Toolbar.php on line 197.
 1 SYSTEMPATH/Debug/Toolbar.php(197): CodeIgniter\Debug\Exceptions->errorHandler()
 2 SYSTEMPATH/Debug/Toolbar.php(180): CodeIgniter\Debug\Toolbar->renderTimelineRecursive()
 3 SYSTEMPATH/Debug/Toolbar/Views/toolbar.tpl.php(102): CodeIgniter\Debug\Toolbar->renderTimeline()
 4 SYSTEMPATH/Debug/Toolbar.php(513): include('/var/www/html/finalbnk/vendor/codeigniter4/framework/system/Debug/Toolbar/Views/toolbar.tpl.php')
 5 SYSTEMPATH/Debug/Toolbar.php(476): CodeIgniter\Debug\Toolbar->format()
 6 APPPATH/Config/Events.php(47): CodeIgniter\Debug\Toolbar->respond()
 7 SYSTEMPATH/Events/Events.php(154): CodeIgniter\Events\Events::Config\{closure}()
 8 SYSTEMPATH/CodeIgniter.php(442): CodeIgniter\Events\Events::trigger()
 9 SYSTEMPATH/CodeIgniter.php(361): CodeIgniter\CodeIgniter->handleRequest()
10 FCPATH/index.php(79): CodeIgniter\CodeIgniter->run()
11 SYSTEMPATH/Commands/Server/rewrite.php(47): require_once('/var/www/html/finalbnk/public/index.php')
INFO - 2025-07-21 14:38:13 --> Session: Class initialized using 'CodeIgniter\Session\Handlers\FileHandler' driver.
CRITICAL - 2025-07-21 14:38:13 --> Trying to access array offset on value of type null
in SYSTEMPATH/Debug/Toolbar.php on line 197.
 1 SYSTEMPATH/Debug/Toolbar.php(197): CodeIgniter\Debug\Exceptions->errorHandler()
 2 SYSTEMPATH/Debug/Toolbar.php(180): CodeIgniter\Debug\Toolbar->renderTimelineRecursive()
 3 SYSTEMPATH/Debug/Toolbar/Views/toolbar.tpl.php(102): CodeIgniter\Debug\Toolbar->renderTimeline()
 4 SYSTEMPATH/Debug/Toolbar.php(513): include('/var/www/html/finalbnk/vendor/codeigniter4/framework/system/Debug/Toolbar/Views/toolbar.tpl.php')
 5 SYSTEMPATH/Debug/Toolbar.php(476): CodeIgniter\Debug\Toolbar->format()
 6 APPPATH/Config/Events.php(47): CodeIgniter\Debug\Toolbar->respond()
 7 SYSTEMPATH/Events/Events.php(154): CodeIgniter\Events\Events::Config\{closure}()
 8 SYSTEMPATH/CodeIgniter.php(442): CodeIgniter\Events\Events::trigger()
 9 SYSTEMPATH/CodeIgniter.php(361): CodeIgniter\CodeIgniter->handleRequest()
10 FCPATH/index.php(79): CodeIgniter\CodeIgniter->run()
11 SYSTEMPATH/Commands/Server/rewrite.php(47): require_once('/var/www/html/finalbnk/public/index.php')
INFO - 2025-07-21 17:30:37 --> Session: Class initialized using 'CodeIgniter\Session\Handlers\FileHandler' driver.
CRITICAL - 2025-07-21 17:30:38 --> Trying to access array offset on value of type null
in SYSTEMPATH/Debug/Toolbar.php on line 197.
 1 SYSTEMPATH/Debug/Toolbar.php(197): CodeIgniter\Debug\Exceptions->errorHandler()
 2 SYSTEMPATH/Debug/Toolbar.php(180): CodeIgniter\Debug\Toolbar->renderTimelineRecursive()
 3 SYSTEMPATH/Debug/Toolbar/Views/toolbar.tpl.php(102): CodeIgniter\Debug\Toolbar->renderTimeline()
 4 SYSTEMPATH/Debug/Toolbar.php(513): include('/var/www/html/finalbnk/vendor/codeigniter4/framework/system/Debug/Toolbar/Views/toolbar.tpl.php')
 5 SYSTEMPATH/Debug/Toolbar.php(476): CodeIgniter\Debug\Toolbar->format()
 6 APPPATH/Config/Events.php(47): CodeIgniter\Debug\Toolbar->respond()
 7 SYSTEMPATH/Events/Events.php(154): CodeIgniter\Events\Events::Config\{closure}()
 8 SYSTEMPATH/CodeIgniter.php(442): CodeIgniter\Events\Events::trigger()
 9 SYSTEMPATH/CodeIgniter.php(361): CodeIgniter\CodeIgniter->handleRequest()
10 FCPATH/index.php(79): CodeIgniter\CodeIgniter->run()
11 SYSTEMPATH/Commands/Server/rewrite.php(47): require_once('/var/www/html/finalbnk/public/index.php')
INFO - 2025-07-21 17:30:43 --> Session: Class initialized using 'CodeIgniter\Session\Handlers\FileHandler' driver.
CRITICAL - 2025-07-21 17:30:43 --> Trying to access array offset on value of type null
in SYSTEMPATH/Debug/Toolbar.php on line 197.
 1 SYSTEMPATH/Debug/Toolbar.php(197): CodeIgniter\Debug\Exceptions->errorHandler()
 2 SYSTEMPATH/Debug/Toolbar.php(180): CodeIgniter\Debug\Toolbar->renderTimelineRecursive()
 3 SYSTEMPATH/Debug/Toolbar/Views/toolbar.tpl.php(102): CodeIgniter\Debug\Toolbar->renderTimeline()
 4 SYSTEMPATH/Debug/Toolbar.php(513): include('/var/www/html/finalbnk/vendor/codeigniter4/framework/system/Debug/Toolbar/Views/toolbar.tpl.php')
 5 SYSTEMPATH/Debug/Toolbar.php(476): CodeIgniter\Debug\Toolbar->format()
 6 APPPATH/Config/Events.php(47): CodeIgniter\Debug\Toolbar->respond()
 7 SYSTEMPATH/Events/Events.php(154): CodeIgniter\Events\Events::Config\{closure}()
 8 SYSTEMPATH/CodeIgniter.php(442): CodeIgniter\Events\Events::trigger()
 9 SYSTEMPATH/CodeIgniter.php(361): CodeIgniter\CodeIgniter->handleRequest()
10 FCPATH/index.php(79): CodeIgniter\CodeIgniter->run()
11 SYSTEMPATH/Commands/Server/rewrite.php(47): require_once('/var/www/html/finalbnk/public/index.php')
INFO - 2025-07-21 17:30:45 --> Session: Class initialized using 'CodeIgniter\Session\Handlers\FileHandler' driver.
CRITICAL - 2025-07-21 17:30:45 --> Trying to access array offset on value of type null
in SYSTEMPATH/Debug/Toolbar.php on line 197.
 1 SYSTEMPATH/Debug/Toolbar.php(197): CodeIgniter\Debug\Exceptions->errorHandler()
 2 SYSTEMPATH/Debug/Toolbar.php(180): CodeIgniter\Debug\Toolbar->renderTimelineRecursive()
 3 SYSTEMPATH/Debug/Toolbar/Views/toolbar.tpl.php(102): CodeIgniter\Debug\Toolbar->renderTimeline()
 4 SYSTEMPATH/Debug/Toolbar.php(513): include('/var/www/html/finalbnk/vendor/codeigniter4/framework/system/Debug/Toolbar/Views/toolbar.tpl.php')
 5 SYSTEMPATH/Debug/Toolbar.php(476): CodeIgniter\Debug\Toolbar->format()
 6 APPPATH/Config/Events.php(47): CodeIgniter\Debug\Toolbar->respond()
 7 SYSTEMPATH/Events/Events.php(154): CodeIgniter\Events\Events::Config\{closure}()
 8 SYSTEMPATH/CodeIgniter.php(442): CodeIgniter\Events\Events::trigger()
 9 SYSTEMPATH/CodeIgniter.php(361): CodeIgniter\CodeIgniter->handleRequest()
10 FCPATH/index.php(79): CodeIgniter\CodeIgniter->run()
11 SYSTEMPATH/Commands/Server/rewrite.php(47): require_once('/var/www/html/finalbnk/public/index.php')
INFO - 2025-07-21 18:05:43 --> Session: Class initialized using 'CodeIgniter\Session\Handlers\FileHandler' driver.
CRITICAL - 2025-07-21 18:05:43 --> Trying to access array offset on value of type null
in SYSTEMPATH/Debug/Toolbar.php on line 197.
 1 SYSTEMPATH/Debug/Toolbar.php(197): CodeIgniter\Debug\Exceptions->errorHandler()
 2 SYSTEMPATH/Debug/Toolbar.php(180): CodeIgniter\Debug\Toolbar->renderTimelineRecursive()
 3 SYSTEMPATH/Debug/Toolbar/Views/toolbar.tpl.php(102): CodeIgniter\Debug\Toolbar->renderTimeline()
 4 SYSTEMPATH/Debug/Toolbar.php(513): include('/var/www/html/finalbnk/vendor/codeigniter4/framework/system/Debug/Toolbar/Views/toolbar.tpl.php')
 5 SYSTEMPATH/Debug/Toolbar.php(476): CodeIgniter\Debug\Toolbar->format()
 6 APPPATH/Config/Events.php(47): CodeIgniter\Debug\Toolbar->respond()
 7 SYSTEMPATH/Events/Events.php(154): CodeIgniter\Events\Events::Config\{closure}()
 8 SYSTEMPATH/CodeIgniter.php(442): CodeIgniter\Events\Events::trigger()
 9 SYSTEMPATH/CodeIgniter.php(361): CodeIgniter\CodeIgniter->handleRequest()
10 FCPATH/index.php(79): CodeIgniter\CodeIgniter->run()
11 SYSTEMPATH/Commands/Server/rewrite.php(47): require_once('/var/www/html/finalbnk/public/index.php')
INFO - 2025-07-21 18:19:01 --> Session: Class initialized using 'CodeIgniter\Session\Handlers\FileHandler' driver.
CRITICAL - 2025-07-21 18:19:01 --> Trying to access array offset on value of type null
in SYSTEMPATH/Debug/Toolbar.php on line 197.
 1 SYSTEMPATH/Debug/Toolbar.php(197): CodeIgniter\Debug\Exceptions->errorHandler()
 2 SYSTEMPATH/Debug/Toolbar.php(180): CodeIgniter\Debug\Toolbar->renderTimelineRecursive()
 3 SYSTEMPATH/Debug/Toolbar/Views/toolbar.tpl.php(102): CodeIgniter\Debug\Toolbar->renderTimeline()
 4 SYSTEMPATH/Debug/Toolbar.php(513): include('/var/www/html/finalbnk/vendor/codeigniter4/framework/system/Debug/Toolbar/Views/toolbar.tpl.php')
 5 SYSTEMPATH/Debug/Toolbar.php(476): CodeIgniter\Debug\Toolbar->format()
 6 APPPATH/Config/Events.php(47): CodeIgniter\Debug\Toolbar->respond()
 7 SYSTEMPATH/Events/Events.php(154): CodeIgniter\Events\Events::Config\{closure}()
 8 SYSTEMPATH/CodeIgniter.php(442): CodeIgniter\Events\Events::trigger()
 9 SYSTEMPATH/CodeIgniter.php(361): CodeIgniter\CodeIgniter->handleRequest()
10 FCPATH/index.php(79): CodeIgniter\CodeIgniter->run()
11 SYSTEMPATH/Commands/Server/rewrite.php(47): require_once('/var/www/html/finalbnk/public/index.php')
INFO - 2025-07-21 18:19:05 --> Session: Class initialized using 'CodeIgniter\Session\Handlers\FileHandler' driver.
CRITICAL - 2025-07-21 18:19:05 --> Trying to access array offset on value of type null
in SYSTEMPATH/Debug/Toolbar.php on line 197.
 1 SYSTEMPATH/Debug/Toolbar.php(197): CodeIgniter\Debug\Exceptions->errorHandler()
 2 SYSTEMPATH/Debug/Toolbar.php(180): CodeIgniter\Debug\Toolbar->renderTimelineRecursive()
 3 SYSTEMPATH/Debug/Toolbar/Views/toolbar.tpl.php(102): CodeIgniter\Debug\Toolbar->renderTimeline()
 4 SYSTEMPATH/Debug/Toolbar.php(513): include('/var/www/html/finalbnk/vendor/codeigniter4/framework/system/Debug/Toolbar/Views/toolbar.tpl.php')
 5 SYSTEMPATH/Debug/Toolbar.php(476): CodeIgniter\Debug\Toolbar->format()
 6 APPPATH/Config/Events.php(47): CodeIgniter\Debug\Toolbar->respond()
 7 SYSTEMPATH/Events/Events.php(154): CodeIgniter\Events\Events::Config\{closure}()
 8 SYSTEMPATH/CodeIgniter.php(442): CodeIgniter\Events\Events::trigger()
 9 SYSTEMPATH/CodeIgniter.php(361): CodeIgniter\CodeIgniter->handleRequest()
10 FCPATH/index.php(79): CodeIgniter\CodeIgniter->run()
11 SYSTEMPATH/Commands/Server/rewrite.php(47): require_once('/var/www/html/finalbnk/public/index.php')
INFO - 2025-07-21 18:19:41 --> Session: Class initialized using 'CodeIgniter\Session\Handlers\FileHandler' driver.
CRITICAL - 2025-07-21 18:19:42 --> Trying to access array offset on value of type null
in SYSTEMPATH/Debug/Toolbar.php on line 197.
 1 SYSTEMPATH/Debug/Toolbar.php(197): CodeIgniter\Debug\Exceptions->errorHandler()
 2 SYSTEMPATH/Debug/Toolbar.php(180): CodeIgniter\Debug\Toolbar->renderTimelineRecursive()
 3 SYSTEMPATH/Debug/Toolbar/Views/toolbar.tpl.php(102): CodeIgniter\Debug\Toolbar->renderTimeline()
 4 SYSTEMPATH/Debug/Toolbar.php(513): include('/var/www/html/finalbnk/vendor/codeigniter4/framework/system/Debug/Toolbar/Views/toolbar.tpl.php')
 5 SYSTEMPATH/Debug/Toolbar.php(476): CodeIgniter\Debug\Toolbar->format()
 6 APPPATH/Config/Events.php(47): CodeIgniter\Debug\Toolbar->respond()
 7 SYSTEMPATH/Events/Events.php(154): CodeIgniter\Events\Events::Config\{closure}()
 8 SYSTEMPATH/CodeIgniter.php(442): CodeIgniter\Events\Events::trigger()
 9 SYSTEMPATH/CodeIgniter.php(361): CodeIgniter\CodeIgniter->handleRequest()
10 FCPATH/index.php(79): CodeIgniter\CodeIgniter->run()
11 SYSTEMPATH/Commands/Server/rewrite.php(47): require_once('/var/www/html/finalbnk/public/index.php')
INFO - 2025-07-21 18:19:47 --> Session: Class initialized using 'CodeIgniter\Session\Handlers\FileHandler' driver.
CRITICAL - 2025-07-21 18:19:47 --> Trying to access array offset on value of type null
in SYSTEMPATH/Debug/Toolbar.php on line 197.
 1 SYSTEMPATH/Debug/Toolbar.php(197): CodeIgniter\Debug\Exceptions->errorHandler()
 2 SYSTEMPATH/Debug/Toolbar.php(180): CodeIgniter\Debug\Toolbar->renderTimelineRecursive()
 3 SYSTEMPATH/Debug/Toolbar/Views/toolbar.tpl.php(102): CodeIgniter\Debug\Toolbar->renderTimeline()
 4 SYSTEMPATH/Debug/Toolbar.php(513): include('/var/www/html/finalbnk/vendor/codeigniter4/framework/system/Debug/Toolbar/Views/toolbar.tpl.php')
 5 SYSTEMPATH/Debug/Toolbar.php(476): CodeIgniter\Debug\Toolbar->format()
 6 APPPATH/Config/Events.php(47): CodeIgniter\Debug\Toolbar->respond()
 7 SYSTEMPATH/Events/Events.php(154): CodeIgniter\Events\Events::Config\{closure}()
 8 SYSTEMPATH/CodeIgniter.php(442): CodeIgniter\Events\Events::trigger()
 9 SYSTEMPATH/CodeIgniter.php(361): CodeIgniter\CodeIgniter->handleRequest()
10 FCPATH/index.php(79): CodeIgniter\CodeIgniter->run()
11 SYSTEMPATH/Commands/Server/rewrite.php(47): require_once('/var/www/html/finalbnk/public/index.php')
INFO - 2025-07-21 18:19:50 --> Session: Class initialized using 'CodeIgniter\Session\Handlers\FileHandler' driver.
CRITICAL - 2025-07-21 18:19:50 --> Trying to access array offset on value of type null
in SYSTEMPATH/Debug/Toolbar.php on line 197.
 1 SYSTEMPATH/Debug/Toolbar.php(197): CodeIgniter\Debug\Exceptions->errorHandler()
 2 SYSTEMPATH/Debug/Toolbar.php(180): CodeIgniter\Debug\Toolbar->renderTimelineRecursive()
 3 SYSTEMPATH/Debug/Toolbar/Views/toolbar.tpl.php(102): CodeIgniter\Debug\Toolbar->renderTimeline()
 4 SYSTEMPATH/Debug/Toolbar.php(513): include('/var/www/html/finalbnk/vendor/codeigniter4/framework/system/Debug/Toolbar/Views/toolbar.tpl.php')
 5 SYSTEMPATH/Debug/Toolbar.php(476): CodeIgniter\Debug\Toolbar->format()
 6 APPPATH/Config/Events.php(47): CodeIgniter\Debug\Toolbar->respond()
 7 SYSTEMPATH/Events/Events.php(154): CodeIgniter\Events\Events::Config\{closure}()
 8 SYSTEMPATH/CodeIgniter.php(442): CodeIgniter\Events\Events::trigger()
 9 SYSTEMPATH/CodeIgniter.php(361): CodeIgniter\CodeIgniter->handleRequest()
10 FCPATH/index.php(79): CodeIgniter\CodeIgniter->run()
11 SYSTEMPATH/Commands/Server/rewrite.php(47): require_once('/var/www/html/finalbnk/public/index.php')
INFO - 2025-07-21 18:19:57 --> Session: Class initialized using 'CodeIgniter\Session\Handlers\FileHandler' driver.
CRITICAL - 2025-07-21 18:19:57 --> Trying to access array offset on value of type null
in SYSTEMPATH/Debug/Toolbar.php on line 197.
 1 SYSTEMPATH/Debug/Toolbar.php(197): CodeIgniter\Debug\Exceptions->errorHandler()
 2 SYSTEMPATH/Debug/Toolbar.php(180): CodeIgniter\Debug\Toolbar->renderTimelineRecursive()
 3 SYSTEMPATH/Debug/Toolbar/Views/toolbar.tpl.php(102): CodeIgniter\Debug\Toolbar->renderTimeline()
 4 SYSTEMPATH/Debug/Toolbar.php(513): include('/var/www/html/finalbnk/vendor/codeigniter4/framework/system/Debug/Toolbar/Views/toolbar.tpl.php')
 5 SYSTEMPATH/Debug/Toolbar.php(476): CodeIgniter\Debug\Toolbar->format()
 6 APPPATH/Config/Events.php(47): CodeIgniter\Debug\Toolbar->respond()
 7 SYSTEMPATH/Events/Events.php(154): CodeIgniter\Events\Events::Config\{closure}()
 8 SYSTEMPATH/CodeIgniter.php(442): CodeIgniter\Events\Events::trigger()
 9 SYSTEMPATH/CodeIgniter.php(361): CodeIgniter\CodeIgniter->handleRequest()
10 FCPATH/index.php(79): CodeIgniter\CodeIgniter->run()
11 SYSTEMPATH/Commands/Server/rewrite.php(47): require_once('/var/www/html/finalbnk/public/index.php')
INFO - 2025-07-21 18:20:48 --> Session: Class initialized using 'CodeIgniter\Session\Handlers\FileHandler' driver.
CRITICAL - 2025-07-21 18:20:48 --> Trying to access array offset on value of type null
in SYSTEMPATH/Debug/Toolbar.php on line 197.
 1 SYSTEMPATH/Debug/Toolbar.php(197): CodeIgniter\Debug\Exceptions->errorHandler()
 2 SYSTEMPATH/Debug/Toolbar.php(180): CodeIgniter\Debug\Toolbar->renderTimelineRecursive()
 3 SYSTEMPATH/Debug/Toolbar/Views/toolbar.tpl.php(102): CodeIgniter\Debug\Toolbar->renderTimeline()
 4 SYSTEMPATH/Debug/Toolbar.php(513): include('/var/www/html/finalbnk/vendor/codeigniter4/framework/system/Debug/Toolbar/Views/toolbar.tpl.php')
 5 SYSTEMPATH/Debug/Toolbar.php(476): CodeIgniter\Debug\Toolbar->format()
 6 APPPATH/Config/Events.php(47): CodeIgniter\Debug\Toolbar->respond()
 7 SYSTEMPATH/Events/Events.php(154): CodeIgniter\Events\Events::Config\{closure}()
 8 SYSTEMPATH/CodeIgniter.php(442): CodeIgniter\Events\Events::trigger()
 9 SYSTEMPATH/CodeIgniter.php(361): CodeIgniter\CodeIgniter->handleRequest()
10 FCPATH/index.php(79): CodeIgniter\CodeIgniter->run()
11 SYSTEMPATH/Commands/Server/rewrite.php(47): require_once('/var/www/html/finalbnk/public/index.php')
