INFO - 2025-08-10 06:11:24 --> Session: Class initialized using 'CodeIgniter\Session\Handlers\FileHandler' driver.
CRITICAL - 2025-08-10 06:11:25 --> Trying to access array offset on value of type null
in SYSTEMPATH/Debug/Toolbar.php on line 197.
 1 SYSTEMPATH/Debug/Toolbar.php(197): CodeIgniter\Debug\Exceptions->errorHandler()
 2 SYSTEMPATH/Debug/Toolbar.php(180): CodeIgniter\Debug\Toolbar->renderTimelineRecursive()
 3 SYSTEMPATH/Debug/Toolbar/Views/toolbar.tpl.php(102): CodeIgniter\Debug\Toolbar->renderTimeline()
 4 SYSTEMPATH/Debug/Toolbar.php(513): include('/var/www/html/finalbnk/vendor/codeigniter4/framework/system/Debug/Toolbar/Views/toolbar.tpl.php')
 5 SYSTEMPATH/Debug/Toolbar.php(476): CodeIgniter\Debug\Toolbar->format()
 6 APPPATH/Config/Events.php(47): CodeIgniter\Debug\Toolbar->respond()
 7 SYSTEMPATH/Events/Events.php(154): CodeIgniter\Events\Events::Config\{closure}()
 8 SYSTEMPATH/CodeIgniter.php(442): CodeIgniter\Events\Events::trigger()
 9 SYSTEMPATH/CodeIgniter.php(361): CodeIgniter\CodeIgniter->handleRequest()
10 FCPATH/index.php(79): CodeIgniter\CodeIgniter->run()
11 SYSTEMPATH/Commands/Server/rewrite.php(47): require_once('/var/www/html/finalbnk/public/index.php')
INFO - 2025-08-10 06:11:29 --> Session: Class initialized using 'CodeIgniter\Session\Handlers\FileHandler' driver.
CRITICAL - 2025-08-10 06:11:30 --> Trying to access array offset on value of type null
in SYSTEMPATH/Debug/Toolbar.php on line 197.
 1 SYSTEMPATH/Debug/Toolbar.php(197): CodeIgniter\Debug\Exceptions->errorHandler()
 2 SYSTEMPATH/Debug/Toolbar.php(180): CodeIgniter\Debug\Toolbar->renderTimelineRecursive()
 3 SYSTEMPATH/Debug/Toolbar/Views/toolbar.tpl.php(102): CodeIgniter\Debug\Toolbar->renderTimeline()
 4 SYSTEMPATH/Debug/Toolbar.php(513): include('/var/www/html/finalbnk/vendor/codeigniter4/framework/system/Debug/Toolbar/Views/toolbar.tpl.php')
 5 SYSTEMPATH/Debug/Toolbar.php(476): CodeIgniter\Debug\Toolbar->format()
 6 APPPATH/Config/Events.php(47): CodeIgniter\Debug\Toolbar->respond()
 7 SYSTEMPATH/Events/Events.php(154): CodeIgniter\Events\Events::Config\{closure}()
 8 SYSTEMPATH/CodeIgniter.php(442): CodeIgniter\Events\Events::trigger()
 9 SYSTEMPATH/CodeIgniter.php(361): CodeIgniter\CodeIgniter->handleRequest()
10 FCPATH/index.php(79): CodeIgniter\CodeIgniter->run()
11 SYSTEMPATH/Commands/Server/rewrite.php(47): require_once('/var/www/html/finalbnk/public/index.php')
CRITICAL - 2025-08-10 18:26:38 --> Undefined property: App\Controllers\Home::$load
in APPPATH/Controllers/Home.php on line 15.
 1 APPPATH/Controllers/Home.php(15): CodeIgniter\Debug\Exceptions->errorHandler()
 2 SYSTEMPATH/CodeIgniter.php(914): App\Controllers\Home->__construct()
 3 SYSTEMPATH/CodeIgniter.php(493): CodeIgniter\CodeIgniter->createController()
 4 SYSTEMPATH/CodeIgniter.php(361): CodeIgniter\CodeIgniter->handleRequest()
 5 FCPATH/index.php(79): CodeIgniter\CodeIgniter->run()
 6 SYSTEMPATH/Commands/Server/rewrite.php(47): require_once('/var/www/html/finalbnk/public/index.php')
INFO - 2025-08-10 18:27:04 --> Session: Class initialized using 'CodeIgniter\Session\Handlers\FileHandler' driver.
CRITICAL - 2025-08-10 18:27:04 --> Trying to access array offset on value of type null
in SYSTEMPATH/Debug/Toolbar.php on line 197.
 1 SYSTEMPATH/Debug/Toolbar.php(197): CodeIgniter\Debug\Exceptions->errorHandler()
 2 SYSTEMPATH/Debug/Toolbar.php(180): CodeIgniter\Debug\Toolbar->renderTimelineRecursive()
 3 SYSTEMPATH/Debug/Toolbar/Views/toolbar.tpl.php(102): CodeIgniter\Debug\Toolbar->renderTimeline()
 4 SYSTEMPATH/Debug/Toolbar.php(513): include('/var/www/html/finalbnk/vendor/codeigniter4/framework/system/Debug/Toolbar/Views/toolbar.tpl.php')
 5 SYSTEMPATH/Debug/Toolbar.php(476): CodeIgniter\Debug\Toolbar->format()
 6 APPPATH/Config/Events.php(47): CodeIgniter\Debug\Toolbar->respond()
 7 SYSTEMPATH/Events/Events.php(154): CodeIgniter\Events\Events::Config\{closure}()
 8 SYSTEMPATH/CodeIgniter.php(442): CodeIgniter\Events\Events::trigger()
 9 SYSTEMPATH/CodeIgniter.php(361): CodeIgniter\CodeIgniter->handleRequest()
10 FCPATH/index.php(79): CodeIgniter\CodeIgniter->run()
11 SYSTEMPATH/Commands/Server/rewrite.php(47): require_once('/var/www/html/finalbnk/public/index.php')
INFO - 2025-08-10 18:40:44 --> Session: Class initialized using 'CodeIgniter\Session\Handlers\FileHandler' driver.
INFO - 2025-08-10 18:41:29 --> Session: Class initialized using 'CodeIgniter\Session\Handlers\FileHandler' driver.
CRITICAL - 2025-08-10 18:41:29 --> Trying to access array offset on value of type null
in SYSTEMPATH/Debug/Toolbar.php on line 197.
 1 SYSTEMPATH/Debug/Toolbar.php(197): CodeIgniter\Debug\Exceptions->errorHandler()
 2 SYSTEMPATH/Debug/Toolbar.php(180): CodeIgniter\Debug\Toolbar->renderTimelineRecursive()
 3 SYSTEMPATH/Debug/Toolbar/Views/toolbar.tpl.php(102): CodeIgniter\Debug\Toolbar->renderTimeline()
 4 SYSTEMPATH/Debug/Toolbar.php(513): include('/var/www/html/finalbnk/vendor/codeigniter4/framework/system/Debug/Toolbar/Views/toolbar.tpl.php')
 5 SYSTEMPATH/Debug/Toolbar.php(476): CodeIgniter\Debug\Toolbar->format()
 6 APPPATH/Config/Events.php(47): CodeIgniter\Debug\Toolbar->respond()
 7 SYSTEMPATH/Events/Events.php(154): CodeIgniter\Events\Events::Config\{closure}()
 8 SYSTEMPATH/CodeIgniter.php(442): CodeIgniter\Events\Events::trigger()
 9 SYSTEMPATH/CodeIgniter.php(361): CodeIgniter\CodeIgniter->handleRequest()
10 FCPATH/index.php(79): CodeIgniter\CodeIgniter->run()
11 SYSTEMPATH/Commands/Server/rewrite.php(47): require_once('/var/www/html/finalbnk/public/index.php')
INFO - 2025-08-10 18:46:12 --> Session: Class initialized using 'CodeIgniter\Session\Handlers\FileHandler' driver.
INFO - 2025-08-10 18:46:24 --> Session: Class initialized using 'CodeIgniter\Session\Handlers\FileHandler' driver.
CRITICAL - 2025-08-10 18:46:24 --> Undefined property: App\Controllers\Home::$session
in APPPATH/Controllers/Home.php on line 22.
 1 APPPATH/Controllers/Home.php(22): CodeIgniter\Debug\Exceptions->errorHandler()
 2 SYSTEMPATH/CodeIgniter.php(942): App\Controllers\Home->index()
 3 SYSTEMPATH/CodeIgniter.php(502): CodeIgniter\CodeIgniter->runController()
 4 SYSTEMPATH/CodeIgniter.php(361): CodeIgniter\CodeIgniter->handleRequest()
 5 FCPATH/index.php(79): CodeIgniter\CodeIgniter->run()
 6 SYSTEMPATH/Commands/Server/rewrite.php(47): require_once('/var/www/html/finalbnk/public/index.php')
INFO - 2025-08-10 18:46:39 --> Session: Class initialized using 'CodeIgniter\Session\Handlers\FileHandler' driver.
CRITICAL - 2025-08-10 18:46:39 --> Undefined variable $session
in APPPATH/Controllers/Home.php on line 22.
 1 APPPATH/Controllers/Home.php(22): CodeIgniter\Debug\Exceptions->errorHandler()
 2 SYSTEMPATH/CodeIgniter.php(942): App\Controllers\Home->index()
 3 SYSTEMPATH/CodeIgniter.php(502): CodeIgniter\CodeIgniter->runController()
 4 SYSTEMPATH/CodeIgniter.php(361): CodeIgniter\CodeIgniter->handleRequest()
 5 FCPATH/index.php(79): CodeIgniter\CodeIgniter->run()
 6 SYSTEMPATH/Commands/Server/rewrite.php(47): require_once('/var/www/html/finalbnk/public/index.php')
INFO - 2025-08-10 18:46:55 --> Session: Class initialized using 'CodeIgniter\Session\Handlers\FileHandler' driver.
CRITICAL - 2025-08-10 18:46:55 --> Undefined variable $session
in APPPATH/Controllers/Home.php on line 22.
 1 APPPATH/Controllers/Home.php(22): CodeIgniter\Debug\Exceptions->errorHandler()
 2 SYSTEMPATH/CodeIgniter.php(942): App\Controllers\Home->index()
 3 SYSTEMPATH/CodeIgniter.php(502): CodeIgniter\CodeIgniter->runController()
 4 SYSTEMPATH/CodeIgniter.php(361): CodeIgniter\CodeIgniter->handleRequest()
 5 FCPATH/index.php(79): CodeIgniter\CodeIgniter->run()
 6 SYSTEMPATH/Commands/Server/rewrite.php(47): require_once('/var/www/html/finalbnk/public/index.php')
INFO - 2025-08-10 18:47:11 --> Session: Class initialized using 'CodeIgniter\Session\Handlers\FileHandler' driver.
CRITICAL - 2025-08-10 18:47:11 --> Call to a member function set() on null
in APPPATH/Controllers/Home.php on line 22.
 1 SYSTEMPATH/CodeIgniter.php(942): App\Controllers\Home->index()
 2 SYSTEMPATH/CodeIgniter.php(502): CodeIgniter\CodeIgniter->runController()
 3 SYSTEMPATH/CodeIgniter.php(361): CodeIgniter\CodeIgniter->handleRequest()
 4 FCPATH/index.php(79): CodeIgniter\CodeIgniter->run()
 5 SYSTEMPATH/Commands/Server/rewrite.php(47): require_once('/var/www/html/finalbnk/public/index.php')
INFO - 2025-08-10 18:47:26 --> Session: Class initialized using 'CodeIgniter\Session\Handlers\FileHandler' driver.
INFO - 2025-08-10 18:48:02 --> Session: Class initialized using 'CodeIgniter\Session\Handlers\FileHandler' driver.
INFO - 2025-08-10 18:48:07 --> Session: Class initialized using 'CodeIgniter\Session\Handlers\FileHandler' driver.
CRITICAL - 2025-08-10 18:48:07 --> Trying to access array offset on value of type null
in SYSTEMPATH/Debug/Toolbar.php on line 197.
 1 SYSTEMPATH/Debug/Toolbar.php(197): CodeIgniter\Debug\Exceptions->errorHandler()
 2 SYSTEMPATH/Debug/Toolbar.php(180): CodeIgniter\Debug\Toolbar->renderTimelineRecursive()
 3 SYSTEMPATH/Debug/Toolbar/Views/toolbar.tpl.php(102): CodeIgniter\Debug\Toolbar->renderTimeline()
 4 SYSTEMPATH/Debug/Toolbar.php(513): include('/var/www/html/finalbnk/vendor/codeigniter4/framework/system/Debug/Toolbar/Views/toolbar.tpl.php')
 5 SYSTEMPATH/Debug/Toolbar.php(476): CodeIgniter\Debug\Toolbar->format()
 6 APPPATH/Config/Events.php(47): CodeIgniter\Debug\Toolbar->respond()
 7 SYSTEMPATH/Events/Events.php(154): CodeIgniter\Events\Events::Config\{closure}()
 8 SYSTEMPATH/CodeIgniter.php(442): CodeIgniter\Events\Events::trigger()
 9 SYSTEMPATH/CodeIgniter.php(361): CodeIgniter\CodeIgniter->handleRequest()
10 FCPATH/index.php(79): CodeIgniter\CodeIgniter->run()
11 SYSTEMPATH/Commands/Server/rewrite.php(47): require_once('/var/www/html/finalbnk/public/index.php')
