INFO - 2025-08-11 15:31:53 --> Session: Class initialized using 'CodeIgniter\Session\Handlers\FileHandler' driver.
CRITICAL - 2025-08-11 15:31:53 --> Trying to access array offset on value of type null
in SYSTEMPATH/Debug/Toolbar.php on line 197.
 1 SYSTEMPATH/Debug/Toolbar.php(197): CodeIgniter\Debug\Exceptions->errorHandler()
 2 SYSTEMPATH/Debug/Toolbar.php(180): CodeIgniter\Debug\Toolbar->renderTimelineRecursive()
 3 SYSTEMPATH/Debug/Toolbar/Views/toolbar.tpl.php(102): CodeIgniter\Debug\Toolbar->renderTimeline()
 4 SYSTEMPATH/Debug/Toolbar.php(513): include('/var/www/html/finalbnk/vendor/codeigniter4/framework/system/Debug/Toolbar/Views/toolbar.tpl.php')
 5 SYSTEMPATH/Debug/Toolbar.php(476): CodeIgniter\Debug\Toolbar->format()
 6 APPPATH/Config/Events.php(47): CodeIgniter\Debug\Toolbar->respond()
 7 SYSTEMPATH/Events/Events.php(154): CodeIgniter\Events\Events::Config\{closure}()
 8 SYSTEMPATH/CodeIgniter.php(442): CodeIgniter\Events\Events::trigger()
 9 SYSTEMPATH/CodeIgniter.php(361): CodeIgniter\CodeIgniter->handleRequest()
10 FCPATH/index.php(79): CodeIgniter\CodeIgniter->run()
11 SYSTEMPATH/Commands/Server/rewrite.php(47): require_once('/var/www/html/finalbnk/public/index.php')
INFO - 2025-08-11 15:31:59 --> Session: Class initialized using 'CodeIgniter\Session\Handlers\FileHandler' driver.
CRITICAL - 2025-08-11 15:31:59 --> Trying to access array offset on value of type null
in SYSTEMPATH/Debug/Toolbar.php on line 197.
 1 SYSTEMPATH/Debug/Toolbar.php(197): CodeIgniter\Debug\Exceptions->errorHandler()
 2 SYSTEMPATH/Debug/Toolbar.php(180): CodeIgniter\Debug\Toolbar->renderTimelineRecursive()
 3 SYSTEMPATH/Debug/Toolbar/Views/toolbar.tpl.php(102): CodeIgniter\Debug\Toolbar->renderTimeline()
 4 SYSTEMPATH/Debug/Toolbar.php(513): include('/var/www/html/finalbnk/vendor/codeigniter4/framework/system/Debug/Toolbar/Views/toolbar.tpl.php')
 5 SYSTEMPATH/Debug/Toolbar.php(476): CodeIgniter\Debug\Toolbar->format()
 6 APPPATH/Config/Events.php(47): CodeIgniter\Debug\Toolbar->respond()
 7 SYSTEMPATH/Events/Events.php(154): CodeIgniter\Events\Events::Config\{closure}()
 8 SYSTEMPATH/CodeIgniter.php(442): CodeIgniter\Events\Events::trigger()
 9 SYSTEMPATH/CodeIgniter.php(361): CodeIgniter\CodeIgniter->handleRequest()
10 FCPATH/index.php(79): CodeIgniter\CodeIgniter->run()
11 SYSTEMPATH/Commands/Server/rewrite.php(47): require_once('/var/www/html/finalbnk/public/index.php')
INFO - 2025-08-11 15:56:55 --> Session: Class initialized using 'CodeIgniter\Session\Handlers\FileHandler' driver.
CRITICAL - 2025-08-11 15:56:55 --> Trying to access array offset on value of type null
in SYSTEMPATH/Debug/Toolbar.php on line 197.
 1 SYSTEMPATH/Debug/Toolbar.php(197): CodeIgniter\Debug\Exceptions->errorHandler()
 2 SYSTEMPATH/Debug/Toolbar.php(180): CodeIgniter\Debug\Toolbar->renderTimelineRecursive()
 3 SYSTEMPATH/Debug/Toolbar/Views/toolbar.tpl.php(102): CodeIgniter\Debug\Toolbar->renderTimeline()
 4 SYSTEMPATH/Debug/Toolbar.php(513): include('/var/www/html/finalbnk/vendor/codeigniter4/framework/system/Debug/Toolbar/Views/toolbar.tpl.php')
 5 SYSTEMPATH/Debug/Toolbar.php(476): CodeIgniter\Debug\Toolbar->format()
 6 APPPATH/Config/Events.php(47): CodeIgniter\Debug\Toolbar->respond()
 7 SYSTEMPATH/Events/Events.php(154): CodeIgniter\Events\Events::Config\{closure}()
 8 SYSTEMPATH/CodeIgniter.php(442): CodeIgniter\Events\Events::trigger()
 9 SYSTEMPATH/CodeIgniter.php(361): CodeIgniter\CodeIgniter->handleRequest()
10 FCPATH/index.php(79): CodeIgniter\CodeIgniter->run()
11 SYSTEMPATH/Commands/Server/rewrite.php(47): require_once('/var/www/html/finalbnk/public/index.php')
INFO - 2025-08-11 16:46:01 --> Session: Class initialized using 'CodeIgniter\Session\Handlers\FileHandler' driver.
CRITICAL - 2025-08-11 16:46:02 --> Trying to access array offset on value of type null
in SYSTEMPATH/Debug/Toolbar.php on line 197.
 1 SYSTEMPATH/Debug/Toolbar.php(197): CodeIgniter\Debug\Exceptions->errorHandler()
 2 SYSTEMPATH/Debug/Toolbar.php(180): CodeIgniter\Debug\Toolbar->renderTimelineRecursive()
 3 SYSTEMPATH/Debug/Toolbar/Views/toolbar.tpl.php(102): CodeIgniter\Debug\Toolbar->renderTimeline()
 4 SYSTEMPATH/Debug/Toolbar.php(513): include('/var/www/html/finalbnk/vendor/codeigniter4/framework/system/Debug/Toolbar/Views/toolbar.tpl.php')
 5 SYSTEMPATH/Debug/Toolbar.php(476): CodeIgniter\Debug\Toolbar->format()
 6 APPPATH/Config/Events.php(47): CodeIgniter\Debug\Toolbar->respond()
 7 SYSTEMPATH/Events/Events.php(154): CodeIgniter\Events\Events::Config\{closure}()
 8 SYSTEMPATH/CodeIgniter.php(442): CodeIgniter\Events\Events::trigger()
 9 SYSTEMPATH/CodeIgniter.php(361): CodeIgniter\CodeIgniter->handleRequest()
10 FCPATH/index.php(79): CodeIgniter\CodeIgniter->run()
11 SYSTEMPATH/Commands/Server/rewrite.php(47): require_once('/var/www/html/finalbnk/public/index.php')
INFO - 2025-08-11 16:46:05 --> Session: Class initialized using 'CodeIgniter\Session\Handlers\FileHandler' driver.
CRITICAL - 2025-08-11 16:46:05 --> Trying to access array offset on value of type null
in SYSTEMPATH/Debug/Toolbar.php on line 197.
 1 SYSTEMPATH/Debug/Toolbar.php(197): CodeIgniter\Debug\Exceptions->errorHandler()
 2 SYSTEMPATH/Debug/Toolbar.php(180): CodeIgniter\Debug\Toolbar->renderTimelineRecursive()
 3 SYSTEMPATH/Debug/Toolbar/Views/toolbar.tpl.php(102): CodeIgniter\Debug\Toolbar->renderTimeline()
 4 SYSTEMPATH/Debug/Toolbar.php(513): include('/var/www/html/finalbnk/vendor/codeigniter4/framework/system/Debug/Toolbar/Views/toolbar.tpl.php')
 5 SYSTEMPATH/Debug/Toolbar.php(476): CodeIgniter\Debug\Toolbar->format()
 6 APPPATH/Config/Events.php(47): CodeIgniter\Debug\Toolbar->respond()
 7 SYSTEMPATH/Events/Events.php(154): CodeIgniter\Events\Events::Config\{closure}()
 8 SYSTEMPATH/CodeIgniter.php(442): CodeIgniter\Events\Events::trigger()
 9 SYSTEMPATH/CodeIgniter.php(361): CodeIgniter\CodeIgniter->handleRequest()
10 FCPATH/index.php(79): CodeIgniter\CodeIgniter->run()
11 SYSTEMPATH/Commands/Server/rewrite.php(47): require_once('/var/www/html/finalbnk/public/index.php')
INFO - 2025-08-11 16:52:15 --> Session: Class initialized using 'CodeIgniter\Session\Handlers\FileHandler' driver.
CRITICAL - 2025-08-11 16:52:16 --> Trying to access array offset on value of type null
in SYSTEMPATH/Debug/Toolbar.php on line 197.
 1 SYSTEMPATH/Debug/Toolbar.php(197): CodeIgniter\Debug\Exceptions->errorHandler()
 2 SYSTEMPATH/Debug/Toolbar.php(180): CodeIgniter\Debug\Toolbar->renderTimelineRecursive()
 3 SYSTEMPATH/Debug/Toolbar/Views/toolbar.tpl.php(102): CodeIgniter\Debug\Toolbar->renderTimeline()
 4 SYSTEMPATH/Debug/Toolbar.php(513): include('/var/www/html/finalbnk/vendor/codeigniter4/framework/system/Debug/Toolbar/Views/toolbar.tpl.php')
 5 SYSTEMPATH/Debug/Toolbar.php(476): CodeIgniter\Debug\Toolbar->format()
 6 APPPATH/Config/Events.php(47): CodeIgniter\Debug\Toolbar->respond()
 7 SYSTEMPATH/Events/Events.php(154): CodeIgniter\Events\Events::Config\{closure}()
 8 SYSTEMPATH/CodeIgniter.php(442): CodeIgniter\Events\Events::trigger()
 9 SYSTEMPATH/CodeIgniter.php(361): CodeIgniter\CodeIgniter->handleRequest()
10 FCPATH/index.php(79): CodeIgniter\CodeIgniter->run()
11 SYSTEMPATH/Commands/Server/rewrite.php(47): require_once('/var/www/html/finalbnk/public/index.php')
INFO - 2025-08-11 16:52:31 --> Session: Class initialized using 'CodeIgniter\Session\Handlers\FileHandler' driver.
CRITICAL - 2025-08-11 16:52:31 --> Trying to access array offset on value of type null
in SYSTEMPATH/Debug/Toolbar.php on line 197.
 1 SYSTEMPATH/Debug/Toolbar.php(197): CodeIgniter\Debug\Exceptions->errorHandler()
 2 SYSTEMPATH/Debug/Toolbar.php(180): CodeIgniter\Debug\Toolbar->renderTimelineRecursive()
 3 SYSTEMPATH/Debug/Toolbar/Views/toolbar.tpl.php(102): CodeIgniter\Debug\Toolbar->renderTimeline()
 4 SYSTEMPATH/Debug/Toolbar.php(513): include('/var/www/html/finalbnk/vendor/codeigniter4/framework/system/Debug/Toolbar/Views/toolbar.tpl.php')
 5 SYSTEMPATH/Debug/Toolbar.php(476): CodeIgniter\Debug\Toolbar->format()
 6 APPPATH/Config/Events.php(47): CodeIgniter\Debug\Toolbar->respond()
 7 SYSTEMPATH/Events/Events.php(154): CodeIgniter\Events\Events::Config\{closure}()
 8 SYSTEMPATH/CodeIgniter.php(442): CodeIgniter\Events\Events::trigger()
 9 SYSTEMPATH/CodeIgniter.php(361): CodeIgniter\CodeIgniter->handleRequest()
10 FCPATH/index.php(79): CodeIgniter\CodeIgniter->run()
11 SYSTEMPATH/Commands/Server/rewrite.php(47): require_once('/var/www/html/finalbnk/public/index.php')
INFO - 2025-08-11 16:52:32 --> Session: Class initialized using 'CodeIgniter\Session\Handlers\FileHandler' driver.
CRITICAL - 2025-08-11 16:52:32 --> Trying to access array offset on value of type null
in SYSTEMPATH/Debug/Toolbar.php on line 197.
 1 SYSTEMPATH/Debug/Toolbar.php(197): CodeIgniter\Debug\Exceptions->errorHandler()
 2 SYSTEMPATH/Debug/Toolbar.php(180): CodeIgniter\Debug\Toolbar->renderTimelineRecursive()
 3 SYSTEMPATH/Debug/Toolbar/Views/toolbar.tpl.php(102): CodeIgniter\Debug\Toolbar->renderTimeline()
 4 SYSTEMPATH/Debug/Toolbar.php(513): include('/var/www/html/finalbnk/vendor/codeigniter4/framework/system/Debug/Toolbar/Views/toolbar.tpl.php')
 5 SYSTEMPATH/Debug/Toolbar.php(476): CodeIgniter\Debug\Toolbar->format()
 6 APPPATH/Config/Events.php(47): CodeIgniter\Debug\Toolbar->respond()
 7 SYSTEMPATH/Events/Events.php(154): CodeIgniter\Events\Events::Config\{closure}()
 8 SYSTEMPATH/CodeIgniter.php(442): CodeIgniter\Events\Events::trigger()
 9 SYSTEMPATH/CodeIgniter.php(361): CodeIgniter\CodeIgniter->handleRequest()
10 FCPATH/index.php(79): CodeIgniter\CodeIgniter->run()
11 SYSTEMPATH/Commands/Server/rewrite.php(47): require_once('/var/www/html/finalbnk/public/index.php')
INFO - 2025-08-11 16:52:33 --> Session: Class initialized using 'CodeIgniter\Session\Handlers\FileHandler' driver.
CRITICAL - 2025-08-11 16:52:33 --> Trying to access array offset on value of type null
in SYSTEMPATH/Debug/Toolbar.php on line 197.
 1 SYSTEMPATH/Debug/Toolbar.php(197): CodeIgniter\Debug\Exceptions->errorHandler()
 2 SYSTEMPATH/Debug/Toolbar.php(180): CodeIgniter\Debug\Toolbar->renderTimelineRecursive()
 3 SYSTEMPATH/Debug/Toolbar/Views/toolbar.tpl.php(102): CodeIgniter\Debug\Toolbar->renderTimeline()
 4 SYSTEMPATH/Debug/Toolbar.php(513): include('/var/www/html/finalbnk/vendor/codeigniter4/framework/system/Debug/Toolbar/Views/toolbar.tpl.php')
 5 SYSTEMPATH/Debug/Toolbar.php(476): CodeIgniter\Debug\Toolbar->format()
 6 APPPATH/Config/Events.php(47): CodeIgniter\Debug\Toolbar->respond()
 7 SYSTEMPATH/Events/Events.php(154): CodeIgniter\Events\Events::Config\{closure}()
 8 SYSTEMPATH/CodeIgniter.php(442): CodeIgniter\Events\Events::trigger()
 9 SYSTEMPATH/CodeIgniter.php(361): CodeIgniter\CodeIgniter->handleRequest()
10 FCPATH/index.php(79): CodeIgniter\CodeIgniter->run()
11 SYSTEMPATH/Commands/Server/rewrite.php(47): require_once('/var/www/html/finalbnk/public/index.php')
INFO - 2025-08-11 16:52:34 --> Session: Class initialized using 'CodeIgniter\Session\Handlers\FileHandler' driver.
CRITICAL - 2025-08-11 16:52:34 --> Trying to access array offset on value of type null
in SYSTEMPATH/Debug/Toolbar.php on line 197.
 1 SYSTEMPATH/Debug/Toolbar.php(197): CodeIgniter\Debug\Exceptions->errorHandler()
 2 SYSTEMPATH/Debug/Toolbar.php(180): CodeIgniter\Debug\Toolbar->renderTimelineRecursive()
 3 SYSTEMPATH/Debug/Toolbar/Views/toolbar.tpl.php(102): CodeIgniter\Debug\Toolbar->renderTimeline()
 4 SYSTEMPATH/Debug/Toolbar.php(513): include('/var/www/html/finalbnk/vendor/codeigniter4/framework/system/Debug/Toolbar/Views/toolbar.tpl.php')
 5 SYSTEMPATH/Debug/Toolbar.php(476): CodeIgniter\Debug\Toolbar->format()
 6 APPPATH/Config/Events.php(47): CodeIgniter\Debug\Toolbar->respond()
 7 SYSTEMPATH/Events/Events.php(154): CodeIgniter\Events\Events::Config\{closure}()
 8 SYSTEMPATH/CodeIgniter.php(442): CodeIgniter\Events\Events::trigger()
 9 SYSTEMPATH/CodeIgniter.php(361): CodeIgniter\CodeIgniter->handleRequest()
10 FCPATH/index.php(79): CodeIgniter\CodeIgniter->run()
11 SYSTEMPATH/Commands/Server/rewrite.php(47): require_once('/var/www/html/finalbnk/public/index.php')
INFO - 2025-08-11 16:52:34 --> Session: Class initialized using 'CodeIgniter\Session\Handlers\FileHandler' driver.
CRITICAL - 2025-08-11 16:52:34 --> Trying to access array offset on value of type null
in SYSTEMPATH/Debug/Toolbar.php on line 197.
 1 SYSTEMPATH/Debug/Toolbar.php(197): CodeIgniter\Debug\Exceptions->errorHandler()
 2 SYSTEMPATH/Debug/Toolbar.php(180): CodeIgniter\Debug\Toolbar->renderTimelineRecursive()
 3 SYSTEMPATH/Debug/Toolbar/Views/toolbar.tpl.php(102): CodeIgniter\Debug\Toolbar->renderTimeline()
 4 SYSTEMPATH/Debug/Toolbar.php(513): include('/var/www/html/finalbnk/vendor/codeigniter4/framework/system/Debug/Toolbar/Views/toolbar.tpl.php')
 5 SYSTEMPATH/Debug/Toolbar.php(476): CodeIgniter\Debug\Toolbar->format()
 6 APPPATH/Config/Events.php(47): CodeIgniter\Debug\Toolbar->respond()
 7 SYSTEMPATH/Events/Events.php(154): CodeIgniter\Events\Events::Config\{closure}()
 8 SYSTEMPATH/CodeIgniter.php(442): CodeIgniter\Events\Events::trigger()
 9 SYSTEMPATH/CodeIgniter.php(361): CodeIgniter\CodeIgniter->handleRequest()
10 FCPATH/index.php(79): CodeIgniter\CodeIgniter->run()
11 SYSTEMPATH/Commands/Server/rewrite.php(47): require_once('/var/www/html/finalbnk/public/index.php')
INFO - 2025-08-11 16:52:35 --> Session: Class initialized using 'CodeIgniter\Session\Handlers\FileHandler' driver.
CRITICAL - 2025-08-11 16:52:35 --> Trying to access array offset on value of type null
in SYSTEMPATH/Debug/Toolbar.php on line 197.
 1 SYSTEMPATH/Debug/Toolbar.php(197): CodeIgniter\Debug\Exceptions->errorHandler()
 2 SYSTEMPATH/Debug/Toolbar.php(180): CodeIgniter\Debug\Toolbar->renderTimelineRecursive()
 3 SYSTEMPATH/Debug/Toolbar/Views/toolbar.tpl.php(102): CodeIgniter\Debug\Toolbar->renderTimeline()
 4 SYSTEMPATH/Debug/Toolbar.php(513): include('/var/www/html/finalbnk/vendor/codeigniter4/framework/system/Debug/Toolbar/Views/toolbar.tpl.php')
 5 SYSTEMPATH/Debug/Toolbar.php(476): CodeIgniter\Debug\Toolbar->format()
 6 APPPATH/Config/Events.php(47): CodeIgniter\Debug\Toolbar->respond()
 7 SYSTEMPATH/Events/Events.php(154): CodeIgniter\Events\Events::Config\{closure}()
 8 SYSTEMPATH/CodeIgniter.php(442): CodeIgniter\Events\Events::trigger()
 9 SYSTEMPATH/CodeIgniter.php(361): CodeIgniter\CodeIgniter->handleRequest()
10 FCPATH/index.php(79): CodeIgniter\CodeIgniter->run()
11 SYSTEMPATH/Commands/Server/rewrite.php(47): require_once('/var/www/html/finalbnk/public/index.php')
INFO - 2025-08-11 16:52:35 --> Session: Class initialized using 'CodeIgniter\Session\Handlers\FileHandler' driver.
CRITICAL - 2025-08-11 16:52:35 --> Trying to access array offset on value of type null
in SYSTEMPATH/Debug/Toolbar.php on line 197.
 1 SYSTEMPATH/Debug/Toolbar.php(197): CodeIgniter\Debug\Exceptions->errorHandler()
 2 SYSTEMPATH/Debug/Toolbar.php(180): CodeIgniter\Debug\Toolbar->renderTimelineRecursive()
 3 SYSTEMPATH/Debug/Toolbar/Views/toolbar.tpl.php(102): CodeIgniter\Debug\Toolbar->renderTimeline()
 4 SYSTEMPATH/Debug/Toolbar.php(513): include('/var/www/html/finalbnk/vendor/codeigniter4/framework/system/Debug/Toolbar/Views/toolbar.tpl.php')
 5 SYSTEMPATH/Debug/Toolbar.php(476): CodeIgniter\Debug\Toolbar->format()
 6 APPPATH/Config/Events.php(47): CodeIgniter\Debug\Toolbar->respond()
 7 SYSTEMPATH/Events/Events.php(154): CodeIgniter\Events\Events::Config\{closure}()
 8 SYSTEMPATH/CodeIgniter.php(442): CodeIgniter\Events\Events::trigger()
 9 SYSTEMPATH/CodeIgniter.php(361): CodeIgniter\CodeIgniter->handleRequest()
10 FCPATH/index.php(79): CodeIgniter\CodeIgniter->run()
11 SYSTEMPATH/Commands/Server/rewrite.php(47): require_once('/var/www/html/finalbnk/public/index.php')
INFO - 2025-08-11 16:52:36 --> Session: Class initialized using 'CodeIgniter\Session\Handlers\FileHandler' driver.
CRITICAL - 2025-08-11 16:52:36 --> Trying to access array offset on value of type null
in SYSTEMPATH/Debug/Toolbar.php on line 197.
 1 SYSTEMPATH/Debug/Toolbar.php(197): CodeIgniter\Debug\Exceptions->errorHandler()
 2 SYSTEMPATH/Debug/Toolbar.php(180): CodeIgniter\Debug\Toolbar->renderTimelineRecursive()
 3 SYSTEMPATH/Debug/Toolbar/Views/toolbar.tpl.php(102): CodeIgniter\Debug\Toolbar->renderTimeline()
 4 SYSTEMPATH/Debug/Toolbar.php(513): include('/var/www/html/finalbnk/vendor/codeigniter4/framework/system/Debug/Toolbar/Views/toolbar.tpl.php')
 5 SYSTEMPATH/Debug/Toolbar.php(476): CodeIgniter\Debug\Toolbar->format()
 6 APPPATH/Config/Events.php(47): CodeIgniter\Debug\Toolbar->respond()
 7 SYSTEMPATH/Events/Events.php(154): CodeIgniter\Events\Events::Config\{closure}()
 8 SYSTEMPATH/CodeIgniter.php(442): CodeIgniter\Events\Events::trigger()
 9 SYSTEMPATH/CodeIgniter.php(361): CodeIgniter\CodeIgniter->handleRequest()
10 FCPATH/index.php(79): CodeIgniter\CodeIgniter->run()
11 SYSTEMPATH/Commands/Server/rewrite.php(47): require_once('/var/www/html/finalbnk/public/index.php')
INFO - 2025-08-11 16:52:36 --> Session: Class initialized using 'CodeIgniter\Session\Handlers\FileHandler' driver.
CRITICAL - 2025-08-11 16:52:36 --> Trying to access array offset on value of type null
in SYSTEMPATH/Debug/Toolbar.php on line 197.
 1 SYSTEMPATH/Debug/Toolbar.php(197): CodeIgniter\Debug\Exceptions->errorHandler()
 2 SYSTEMPATH/Debug/Toolbar.php(180): CodeIgniter\Debug\Toolbar->renderTimelineRecursive()
 3 SYSTEMPATH/Debug/Toolbar/Views/toolbar.tpl.php(102): CodeIgniter\Debug\Toolbar->renderTimeline()
 4 SYSTEMPATH/Debug/Toolbar.php(513): include('/var/www/html/finalbnk/vendor/codeigniter4/framework/system/Debug/Toolbar/Views/toolbar.tpl.php')
 5 SYSTEMPATH/Debug/Toolbar.php(476): CodeIgniter\Debug\Toolbar->format()
 6 APPPATH/Config/Events.php(47): CodeIgniter\Debug\Toolbar->respond()
 7 SYSTEMPATH/Events/Events.php(154): CodeIgniter\Events\Events::Config\{closure}()
 8 SYSTEMPATH/CodeIgniter.php(442): CodeIgniter\Events\Events::trigger()
 9 SYSTEMPATH/CodeIgniter.php(361): CodeIgniter\CodeIgniter->handleRequest()
10 FCPATH/index.php(79): CodeIgniter\CodeIgniter->run()
11 SYSTEMPATH/Commands/Server/rewrite.php(47): require_once('/var/www/html/finalbnk/public/index.php')
INFO - 2025-08-11 16:52:37 --> Session: Class initialized using 'CodeIgniter\Session\Handlers\FileHandler' driver.
CRITICAL - 2025-08-11 16:52:37 --> Trying to access array offset on value of type null
in SYSTEMPATH/Debug/Toolbar.php on line 197.
 1 SYSTEMPATH/Debug/Toolbar.php(197): CodeIgniter\Debug\Exceptions->errorHandler()
 2 SYSTEMPATH/Debug/Toolbar.php(180): CodeIgniter\Debug\Toolbar->renderTimelineRecursive()
 3 SYSTEMPATH/Debug/Toolbar/Views/toolbar.tpl.php(102): CodeIgniter\Debug\Toolbar->renderTimeline()
 4 SYSTEMPATH/Debug/Toolbar.php(513): include('/var/www/html/finalbnk/vendor/codeigniter4/framework/system/Debug/Toolbar/Views/toolbar.tpl.php')
 5 SYSTEMPATH/Debug/Toolbar.php(476): CodeIgniter\Debug\Toolbar->format()
 6 APPPATH/Config/Events.php(47): CodeIgniter\Debug\Toolbar->respond()
 7 SYSTEMPATH/Events/Events.php(154): CodeIgniter\Events\Events::Config\{closure}()
 8 SYSTEMPATH/CodeIgniter.php(442): CodeIgniter\Events\Events::trigger()
 9 SYSTEMPATH/CodeIgniter.php(361): CodeIgniter\CodeIgniter->handleRequest()
10 FCPATH/index.php(79): CodeIgniter\CodeIgniter->run()
11 SYSTEMPATH/Commands/Server/rewrite.php(47): require_once('/var/www/html/finalbnk/public/index.php')
INFO - 2025-08-11 16:52:37 --> Session: Class initialized using 'CodeIgniter\Session\Handlers\FileHandler' driver.
CRITICAL - 2025-08-11 16:52:37 --> Trying to access array offset on value of type null
in SYSTEMPATH/Debug/Toolbar.php on line 197.
 1 SYSTEMPATH/Debug/Toolbar.php(197): CodeIgniter\Debug\Exceptions->errorHandler()
 2 SYSTEMPATH/Debug/Toolbar.php(180): CodeIgniter\Debug\Toolbar->renderTimelineRecursive()
 3 SYSTEMPATH/Debug/Toolbar/Views/toolbar.tpl.php(102): CodeIgniter\Debug\Toolbar->renderTimeline()
 4 SYSTEMPATH/Debug/Toolbar.php(513): include('/var/www/html/finalbnk/vendor/codeigniter4/framework/system/Debug/Toolbar/Views/toolbar.tpl.php')
 5 SYSTEMPATH/Debug/Toolbar.php(476): CodeIgniter\Debug\Toolbar->format()
 6 APPPATH/Config/Events.php(47): CodeIgniter\Debug\Toolbar->respond()
 7 SYSTEMPATH/Events/Events.php(154): CodeIgniter\Events\Events::Config\{closure}()
 8 SYSTEMPATH/CodeIgniter.php(442): CodeIgniter\Events\Events::trigger()
 9 SYSTEMPATH/CodeIgniter.php(361): CodeIgniter\CodeIgniter->handleRequest()
10 FCPATH/index.php(79): CodeIgniter\CodeIgniter->run()
11 SYSTEMPATH/Commands/Server/rewrite.php(47): require_once('/var/www/html/finalbnk/public/index.php')
INFO - 2025-08-11 16:52:37 --> Session: Class initialized using 'CodeIgniter\Session\Handlers\FileHandler' driver.
CRITICAL - 2025-08-11 16:52:37 --> Trying to access array offset on value of type null
in SYSTEMPATH/Debug/Toolbar.php on line 197.
 1 SYSTEMPATH/Debug/Toolbar.php(197): CodeIgniter\Debug\Exceptions->errorHandler()
 2 SYSTEMPATH/Debug/Toolbar.php(180): CodeIgniter\Debug\Toolbar->renderTimelineRecursive()
 3 SYSTEMPATH/Debug/Toolbar/Views/toolbar.tpl.php(102): CodeIgniter\Debug\Toolbar->renderTimeline()
 4 SYSTEMPATH/Debug/Toolbar.php(513): include('/var/www/html/finalbnk/vendor/codeigniter4/framework/system/Debug/Toolbar/Views/toolbar.tpl.php')
 5 SYSTEMPATH/Debug/Toolbar.php(476): CodeIgniter\Debug\Toolbar->format()
 6 APPPATH/Config/Events.php(47): CodeIgniter\Debug\Toolbar->respond()
 7 SYSTEMPATH/Events/Events.php(154): CodeIgniter\Events\Events::Config\{closure}()
 8 SYSTEMPATH/CodeIgniter.php(442): CodeIgniter\Events\Events::trigger()
 9 SYSTEMPATH/CodeIgniter.php(361): CodeIgniter\CodeIgniter->handleRequest()
10 FCPATH/index.php(79): CodeIgniter\CodeIgniter->run()
11 SYSTEMPATH/Commands/Server/rewrite.php(47): require_once('/var/www/html/finalbnk/public/index.php')
INFO - 2025-08-11 16:52:38 --> Session: Class initialized using 'CodeIgniter\Session\Handlers\FileHandler' driver.
CRITICAL - 2025-08-11 16:52:38 --> Trying to access array offset on value of type null
in SYSTEMPATH/Debug/Toolbar.php on line 197.
 1 SYSTEMPATH/Debug/Toolbar.php(197): CodeIgniter\Debug\Exceptions->errorHandler()
 2 SYSTEMPATH/Debug/Toolbar.php(180): CodeIgniter\Debug\Toolbar->renderTimelineRecursive()
 3 SYSTEMPATH/Debug/Toolbar/Views/toolbar.tpl.php(102): CodeIgniter\Debug\Toolbar->renderTimeline()
 4 SYSTEMPATH/Debug/Toolbar.php(513): include('/var/www/html/finalbnk/vendor/codeigniter4/framework/system/Debug/Toolbar/Views/toolbar.tpl.php')
 5 SYSTEMPATH/Debug/Toolbar.php(476): CodeIgniter\Debug\Toolbar->format()
 6 APPPATH/Config/Events.php(47): CodeIgniter\Debug\Toolbar->respond()
 7 SYSTEMPATH/Events/Events.php(154): CodeIgniter\Events\Events::Config\{closure}()
 8 SYSTEMPATH/CodeIgniter.php(442): CodeIgniter\Events\Events::trigger()
 9 SYSTEMPATH/CodeIgniter.php(361): CodeIgniter\CodeIgniter->handleRequest()
10 FCPATH/index.php(79): CodeIgniter\CodeIgniter->run()
11 SYSTEMPATH/Commands/Server/rewrite.php(47): require_once('/var/www/html/finalbnk/public/index.php')
INFO - 2025-08-11 16:52:38 --> Session: Class initialized using 'CodeIgniter\Session\Handlers\FileHandler' driver.
CRITICAL - 2025-08-11 16:52:38 --> Trying to access array offset on value of type null
in SYSTEMPATH/Debug/Toolbar.php on line 197.
 1 SYSTEMPATH/Debug/Toolbar.php(197): CodeIgniter\Debug\Exceptions->errorHandler()
 2 SYSTEMPATH/Debug/Toolbar.php(180): CodeIgniter\Debug\Toolbar->renderTimelineRecursive()
 3 SYSTEMPATH/Debug/Toolbar/Views/toolbar.tpl.php(102): CodeIgniter\Debug\Toolbar->renderTimeline()
 4 SYSTEMPATH/Debug/Toolbar.php(513): include('/var/www/html/finalbnk/vendor/codeigniter4/framework/system/Debug/Toolbar/Views/toolbar.tpl.php')
 5 SYSTEMPATH/Debug/Toolbar.php(476): CodeIgniter\Debug\Toolbar->format()
 6 APPPATH/Config/Events.php(47): CodeIgniter\Debug\Toolbar->respond()
 7 SYSTEMPATH/Events/Events.php(154): CodeIgniter\Events\Events::Config\{closure}()
 8 SYSTEMPATH/CodeIgniter.php(442): CodeIgniter\Events\Events::trigger()
 9 SYSTEMPATH/CodeIgniter.php(361): CodeIgniter\CodeIgniter->handleRequest()
10 FCPATH/index.php(79): CodeIgniter\CodeIgniter->run()
11 SYSTEMPATH/Commands/Server/rewrite.php(47): require_once('/var/www/html/finalbnk/public/index.php')
INFO - 2025-08-11 16:52:38 --> Session: Class initialized using 'CodeIgniter\Session\Handlers\FileHandler' driver.
CRITICAL - 2025-08-11 16:52:38 --> Trying to access array offset on value of type null
in SYSTEMPATH/Debug/Toolbar.php on line 197.
 1 SYSTEMPATH/Debug/Toolbar.php(197): CodeIgniter\Debug\Exceptions->errorHandler()
 2 SYSTEMPATH/Debug/Toolbar.php(180): CodeIgniter\Debug\Toolbar->renderTimelineRecursive()
 3 SYSTEMPATH/Debug/Toolbar/Views/toolbar.tpl.php(102): CodeIgniter\Debug\Toolbar->renderTimeline()
 4 SYSTEMPATH/Debug/Toolbar.php(513): include('/var/www/html/finalbnk/vendor/codeigniter4/framework/system/Debug/Toolbar/Views/toolbar.tpl.php')
 5 SYSTEMPATH/Debug/Toolbar.php(476): CodeIgniter\Debug\Toolbar->format()
 6 APPPATH/Config/Events.php(47): CodeIgniter\Debug\Toolbar->respond()
 7 SYSTEMPATH/Events/Events.php(154): CodeIgniter\Events\Events::Config\{closure}()
 8 SYSTEMPATH/CodeIgniter.php(442): CodeIgniter\Events\Events::trigger()
 9 SYSTEMPATH/CodeIgniter.php(361): CodeIgniter\CodeIgniter->handleRequest()
10 FCPATH/index.php(79): CodeIgniter\CodeIgniter->run()
11 SYSTEMPATH/Commands/Server/rewrite.php(47): require_once('/var/www/html/finalbnk/public/index.php')
INFO - 2025-08-11 16:52:38 --> Session: Class initialized using 'CodeIgniter\Session\Handlers\FileHandler' driver.
CRITICAL - 2025-08-11 16:52:38 --> Trying to access array offset on value of type null
in SYSTEMPATH/Debug/Toolbar.php on line 197.
 1 SYSTEMPATH/Debug/Toolbar.php(197): CodeIgniter\Debug\Exceptions->errorHandler()
 2 SYSTEMPATH/Debug/Toolbar.php(180): CodeIgniter\Debug\Toolbar->renderTimelineRecursive()
 3 SYSTEMPATH/Debug/Toolbar/Views/toolbar.tpl.php(102): CodeIgniter\Debug\Toolbar->renderTimeline()
 4 SYSTEMPATH/Debug/Toolbar.php(513): include('/var/www/html/finalbnk/vendor/codeigniter4/framework/system/Debug/Toolbar/Views/toolbar.tpl.php')
 5 SYSTEMPATH/Debug/Toolbar.php(476): CodeIgniter\Debug\Toolbar->format()
 6 APPPATH/Config/Events.php(47): CodeIgniter\Debug\Toolbar->respond()
 7 SYSTEMPATH/Events/Events.php(154): CodeIgniter\Events\Events::Config\{closure}()
 8 SYSTEMPATH/CodeIgniter.php(442): CodeIgniter\Events\Events::trigger()
 9 SYSTEMPATH/CodeIgniter.php(361): CodeIgniter\CodeIgniter->handleRequest()
10 FCPATH/index.php(79): CodeIgniter\CodeIgniter->run()
11 SYSTEMPATH/Commands/Server/rewrite.php(47): require_once('/var/www/html/finalbnk/public/index.php')
INFO - 2025-08-11 16:52:39 --> Session: Class initialized using 'CodeIgniter\Session\Handlers\FileHandler' driver.
CRITICAL - 2025-08-11 16:52:39 --> Trying to access array offset on value of type null
in SYSTEMPATH/Debug/Toolbar.php on line 197.
 1 SYSTEMPATH/Debug/Toolbar.php(197): CodeIgniter\Debug\Exceptions->errorHandler()
 2 SYSTEMPATH/Debug/Toolbar.php(180): CodeIgniter\Debug\Toolbar->renderTimelineRecursive()
 3 SYSTEMPATH/Debug/Toolbar/Views/toolbar.tpl.php(102): CodeIgniter\Debug\Toolbar->renderTimeline()
 4 SYSTEMPATH/Debug/Toolbar.php(513): include('/var/www/html/finalbnk/vendor/codeigniter4/framework/system/Debug/Toolbar/Views/toolbar.tpl.php')
 5 SYSTEMPATH/Debug/Toolbar.php(476): CodeIgniter\Debug\Toolbar->format()
 6 APPPATH/Config/Events.php(47): CodeIgniter\Debug\Toolbar->respond()
 7 SYSTEMPATH/Events/Events.php(154): CodeIgniter\Events\Events::Config\{closure}()
 8 SYSTEMPATH/CodeIgniter.php(442): CodeIgniter\Events\Events::trigger()
 9 SYSTEMPATH/CodeIgniter.php(361): CodeIgniter\CodeIgniter->handleRequest()
10 FCPATH/index.php(79): CodeIgniter\CodeIgniter->run()
11 SYSTEMPATH/Commands/Server/rewrite.php(47): require_once('/var/www/html/finalbnk/public/index.php')
INFO - 2025-08-11 16:52:39 --> Session: Class initialized using 'CodeIgniter\Session\Handlers\FileHandler' driver.
CRITICAL - 2025-08-11 16:52:39 --> Trying to access array offset on value of type null
in SYSTEMPATH/Debug/Toolbar.php on line 197.
 1 SYSTEMPATH/Debug/Toolbar.php(197): CodeIgniter\Debug\Exceptions->errorHandler()
 2 SYSTEMPATH/Debug/Toolbar.php(180): CodeIgniter\Debug\Toolbar->renderTimelineRecursive()
 3 SYSTEMPATH/Debug/Toolbar/Views/toolbar.tpl.php(102): CodeIgniter\Debug\Toolbar->renderTimeline()
 4 SYSTEMPATH/Debug/Toolbar.php(513): include('/var/www/html/finalbnk/vendor/codeigniter4/framework/system/Debug/Toolbar/Views/toolbar.tpl.php')
 5 SYSTEMPATH/Debug/Toolbar.php(476): CodeIgniter\Debug\Toolbar->format()
 6 APPPATH/Config/Events.php(47): CodeIgniter\Debug\Toolbar->respond()
 7 SYSTEMPATH/Events/Events.php(154): CodeIgniter\Events\Events::Config\{closure}()
 8 SYSTEMPATH/CodeIgniter.php(442): CodeIgniter\Events\Events::trigger()
 9 SYSTEMPATH/CodeIgniter.php(361): CodeIgniter\CodeIgniter->handleRequest()
10 FCPATH/index.php(79): CodeIgniter\CodeIgniter->run()
11 SYSTEMPATH/Commands/Server/rewrite.php(47): require_once('/var/www/html/finalbnk/public/index.php')
INFO - 2025-08-11 16:52:39 --> Session: Class initialized using 'CodeIgniter\Session\Handlers\FileHandler' driver.
CRITICAL - 2025-08-11 16:52:39 --> Trying to access array offset on value of type null
in SYSTEMPATH/Debug/Toolbar.php on line 197.
 1 SYSTEMPATH/Debug/Toolbar.php(197): CodeIgniter\Debug\Exceptions->errorHandler()
 2 SYSTEMPATH/Debug/Toolbar.php(180): CodeIgniter\Debug\Toolbar->renderTimelineRecursive()
 3 SYSTEMPATH/Debug/Toolbar/Views/toolbar.tpl.php(102): CodeIgniter\Debug\Toolbar->renderTimeline()
 4 SYSTEMPATH/Debug/Toolbar.php(513): include('/var/www/html/finalbnk/vendor/codeigniter4/framework/system/Debug/Toolbar/Views/toolbar.tpl.php')
 5 SYSTEMPATH/Debug/Toolbar.php(476): CodeIgniter\Debug\Toolbar->format()
 6 APPPATH/Config/Events.php(47): CodeIgniter\Debug\Toolbar->respond()
 7 SYSTEMPATH/Events/Events.php(154): CodeIgniter\Events\Events::Config\{closure}()
 8 SYSTEMPATH/CodeIgniter.php(442): CodeIgniter\Events\Events::trigger()
 9 SYSTEMPATH/CodeIgniter.php(361): CodeIgniter\CodeIgniter->handleRequest()
10 FCPATH/index.php(79): CodeIgniter\CodeIgniter->run()
11 SYSTEMPATH/Commands/Server/rewrite.php(47): require_once('/var/www/html/finalbnk/public/index.php')
INFO - 2025-08-11 16:52:39 --> Session: Class initialized using 'CodeIgniter\Session\Handlers\FileHandler' driver.
CRITICAL - 2025-08-11 16:52:39 --> Trying to access array offset on value of type null
in SYSTEMPATH/Debug/Toolbar.php on line 197.
 1 SYSTEMPATH/Debug/Toolbar.php(197): CodeIgniter\Debug\Exceptions->errorHandler()
 2 SYSTEMPATH/Debug/Toolbar.php(180): CodeIgniter\Debug\Toolbar->renderTimelineRecursive()
 3 SYSTEMPATH/Debug/Toolbar/Views/toolbar.tpl.php(102): CodeIgniter\Debug\Toolbar->renderTimeline()
 4 SYSTEMPATH/Debug/Toolbar.php(513): include('/var/www/html/finalbnk/vendor/codeigniter4/framework/system/Debug/Toolbar/Views/toolbar.tpl.php')
 5 SYSTEMPATH/Debug/Toolbar.php(476): CodeIgniter\Debug\Toolbar->format()
 6 APPPATH/Config/Events.php(47): CodeIgniter\Debug\Toolbar->respond()
 7 SYSTEMPATH/Events/Events.php(154): CodeIgniter\Events\Events::Config\{closure}()
 8 SYSTEMPATH/CodeIgniter.php(442): CodeIgniter\Events\Events::trigger()
 9 SYSTEMPATH/CodeIgniter.php(361): CodeIgniter\CodeIgniter->handleRequest()
10 FCPATH/index.php(79): CodeIgniter\CodeIgniter->run()
11 SYSTEMPATH/Commands/Server/rewrite.php(47): require_once('/var/www/html/finalbnk/public/index.php')
INFO - 2025-08-11 16:52:39 --> Session: Class initialized using 'CodeIgniter\Session\Handlers\FileHandler' driver.
CRITICAL - 2025-08-11 16:52:39 --> Trying to access array offset on value of type null
in SYSTEMPATH/Debug/Toolbar.php on line 197.
 1 SYSTEMPATH/Debug/Toolbar.php(197): CodeIgniter\Debug\Exceptions->errorHandler()
 2 SYSTEMPATH/Debug/Toolbar.php(180): CodeIgniter\Debug\Toolbar->renderTimelineRecursive()
 3 SYSTEMPATH/Debug/Toolbar/Views/toolbar.tpl.php(102): CodeIgniter\Debug\Toolbar->renderTimeline()
 4 SYSTEMPATH/Debug/Toolbar.php(513): include('/var/www/html/finalbnk/vendor/codeigniter4/framework/system/Debug/Toolbar/Views/toolbar.tpl.php')
 5 SYSTEMPATH/Debug/Toolbar.php(476): CodeIgniter\Debug\Toolbar->format()
 6 APPPATH/Config/Events.php(47): CodeIgniter\Debug\Toolbar->respond()
 7 SYSTEMPATH/Events/Events.php(154): CodeIgniter\Events\Events::Config\{closure}()
 8 SYSTEMPATH/CodeIgniter.php(442): CodeIgniter\Events\Events::trigger()
 9 SYSTEMPATH/CodeIgniter.php(361): CodeIgniter\CodeIgniter->handleRequest()
10 FCPATH/index.php(79): CodeIgniter\CodeIgniter->run()
11 SYSTEMPATH/Commands/Server/rewrite.php(47): require_once('/var/www/html/finalbnk/public/index.php')
INFO - 2025-08-11 16:52:40 --> Session: Class initialized using 'CodeIgniter\Session\Handlers\FileHandler' driver.
CRITICAL - 2025-08-11 16:52:40 --> Trying to access array offset on value of type null
in SYSTEMPATH/Debug/Toolbar.php on line 197.
 1 SYSTEMPATH/Debug/Toolbar.php(197): CodeIgniter\Debug\Exceptions->errorHandler()
 2 SYSTEMPATH/Debug/Toolbar.php(180): CodeIgniter\Debug\Toolbar->renderTimelineRecursive()
 3 SYSTEMPATH/Debug/Toolbar/Views/toolbar.tpl.php(102): CodeIgniter\Debug\Toolbar->renderTimeline()
 4 SYSTEMPATH/Debug/Toolbar.php(513): include('/var/www/html/finalbnk/vendor/codeigniter4/framework/system/Debug/Toolbar/Views/toolbar.tpl.php')
 5 SYSTEMPATH/Debug/Toolbar.php(476): CodeIgniter\Debug\Toolbar->format()
 6 APPPATH/Config/Events.php(47): CodeIgniter\Debug\Toolbar->respond()
 7 SYSTEMPATH/Events/Events.php(154): CodeIgniter\Events\Events::Config\{closure}()
 8 SYSTEMPATH/CodeIgniter.php(442): CodeIgniter\Events\Events::trigger()
 9 SYSTEMPATH/CodeIgniter.php(361): CodeIgniter\CodeIgniter->handleRequest()
10 FCPATH/index.php(79): CodeIgniter\CodeIgniter->run()
11 SYSTEMPATH/Commands/Server/rewrite.php(47): require_once('/var/www/html/finalbnk/public/index.php')
INFO - 2025-08-11 16:52:40 --> Session: Class initialized using 'CodeIgniter\Session\Handlers\FileHandler' driver.
CRITICAL - 2025-08-11 16:52:40 --> Trying to access array offset on value of type null
in SYSTEMPATH/Debug/Toolbar.php on line 197.
 1 SYSTEMPATH/Debug/Toolbar.php(197): CodeIgniter\Debug\Exceptions->errorHandler()
 2 SYSTEMPATH/Debug/Toolbar.php(180): CodeIgniter\Debug\Toolbar->renderTimelineRecursive()
 3 SYSTEMPATH/Debug/Toolbar/Views/toolbar.tpl.php(102): CodeIgniter\Debug\Toolbar->renderTimeline()
 4 SYSTEMPATH/Debug/Toolbar.php(513): include('/var/www/html/finalbnk/vendor/codeigniter4/framework/system/Debug/Toolbar/Views/toolbar.tpl.php')
 5 SYSTEMPATH/Debug/Toolbar.php(476): CodeIgniter\Debug\Toolbar->format()
 6 APPPATH/Config/Events.php(47): CodeIgniter\Debug\Toolbar->respond()
 7 SYSTEMPATH/Events/Events.php(154): CodeIgniter\Events\Events::Config\{closure}()
 8 SYSTEMPATH/CodeIgniter.php(442): CodeIgniter\Events\Events::trigger()
 9 SYSTEMPATH/CodeIgniter.php(361): CodeIgniter\CodeIgniter->handleRequest()
10 FCPATH/index.php(79): CodeIgniter\CodeIgniter->run()
11 SYSTEMPATH/Commands/Server/rewrite.php(47): require_once('/var/www/html/finalbnk/public/index.php')
INFO - 2025-08-11 16:52:40 --> Session: Class initialized using 'CodeIgniter\Session\Handlers\FileHandler' driver.
CRITICAL - 2025-08-11 16:52:40 --> Trying to access array offset on value of type null
in SYSTEMPATH/Debug/Toolbar.php on line 197.
 1 SYSTEMPATH/Debug/Toolbar.php(197): CodeIgniter\Debug\Exceptions->errorHandler()
 2 SYSTEMPATH/Debug/Toolbar.php(180): CodeIgniter\Debug\Toolbar->renderTimelineRecursive()
 3 SYSTEMPATH/Debug/Toolbar/Views/toolbar.tpl.php(102): CodeIgniter\Debug\Toolbar->renderTimeline()
 4 SYSTEMPATH/Debug/Toolbar.php(513): include('/var/www/html/finalbnk/vendor/codeigniter4/framework/system/Debug/Toolbar/Views/toolbar.tpl.php')
 5 SYSTEMPATH/Debug/Toolbar.php(476): CodeIgniter\Debug\Toolbar->format()
 6 APPPATH/Config/Events.php(47): CodeIgniter\Debug\Toolbar->respond()
 7 SYSTEMPATH/Events/Events.php(154): CodeIgniter\Events\Events::Config\{closure}()
 8 SYSTEMPATH/CodeIgniter.php(442): CodeIgniter\Events\Events::trigger()
 9 SYSTEMPATH/CodeIgniter.php(361): CodeIgniter\CodeIgniter->handleRequest()
10 FCPATH/index.php(79): CodeIgniter\CodeIgniter->run()
11 SYSTEMPATH/Commands/Server/rewrite.php(47): require_once('/var/www/html/finalbnk/public/index.php')
INFO - 2025-08-11 16:52:40 --> Session: Class initialized using 'CodeIgniter\Session\Handlers\FileHandler' driver.
CRITICAL - 2025-08-11 16:52:40 --> Trying to access array offset on value of type null
in SYSTEMPATH/Debug/Toolbar.php on line 197.
 1 SYSTEMPATH/Debug/Toolbar.php(197): CodeIgniter\Debug\Exceptions->errorHandler()
 2 SYSTEMPATH/Debug/Toolbar.php(180): CodeIgniter\Debug\Toolbar->renderTimelineRecursive()
 3 SYSTEMPATH/Debug/Toolbar/Views/toolbar.tpl.php(102): CodeIgniter\Debug\Toolbar->renderTimeline()
 4 SYSTEMPATH/Debug/Toolbar.php(513): include('/var/www/html/finalbnk/vendor/codeigniter4/framework/system/Debug/Toolbar/Views/toolbar.tpl.php')
 5 SYSTEMPATH/Debug/Toolbar.php(476): CodeIgniter\Debug\Toolbar->format()
 6 APPPATH/Config/Events.php(47): CodeIgniter\Debug\Toolbar->respond()
 7 SYSTEMPATH/Events/Events.php(154): CodeIgniter\Events\Events::Config\{closure}()
 8 SYSTEMPATH/CodeIgniter.php(442): CodeIgniter\Events\Events::trigger()
 9 SYSTEMPATH/CodeIgniter.php(361): CodeIgniter\CodeIgniter->handleRequest()
10 FCPATH/index.php(79): CodeIgniter\CodeIgniter->run()
11 SYSTEMPATH/Commands/Server/rewrite.php(47): require_once('/var/www/html/finalbnk/public/index.php')
INFO - 2025-08-11 16:52:40 --> Session: Class initialized using 'CodeIgniter\Session\Handlers\FileHandler' driver.
CRITICAL - 2025-08-11 16:52:41 --> Trying to access array offset on value of type null
in SYSTEMPATH/Debug/Toolbar.php on line 197.
 1 SYSTEMPATH/Debug/Toolbar.php(197): CodeIgniter\Debug\Exceptions->errorHandler()
 2 SYSTEMPATH/Debug/Toolbar.php(180): CodeIgniter\Debug\Toolbar->renderTimelineRecursive()
 3 SYSTEMPATH/Debug/Toolbar/Views/toolbar.tpl.php(102): CodeIgniter\Debug\Toolbar->renderTimeline()
 4 SYSTEMPATH/Debug/Toolbar.php(513): include('/var/www/html/finalbnk/vendor/codeigniter4/framework/system/Debug/Toolbar/Views/toolbar.tpl.php')
 5 SYSTEMPATH/Debug/Toolbar.php(476): CodeIgniter\Debug\Toolbar->format()
 6 APPPATH/Config/Events.php(47): CodeIgniter\Debug\Toolbar->respond()
 7 SYSTEMPATH/Events/Events.php(154): CodeIgniter\Events\Events::Config\{closure}()
 8 SYSTEMPATH/CodeIgniter.php(442): CodeIgniter\Events\Events::trigger()
 9 SYSTEMPATH/CodeIgniter.php(361): CodeIgniter\CodeIgniter->handleRequest()
10 FCPATH/index.php(79): CodeIgniter\CodeIgniter->run()
11 SYSTEMPATH/Commands/Server/rewrite.php(47): require_once('/var/www/html/finalbnk/public/index.php')
INFO - 2025-08-11 16:52:41 --> Session: Class initialized using 'CodeIgniter\Session\Handlers\FileHandler' driver.
CRITICAL - 2025-08-11 16:52:41 --> Trying to access array offset on value of type null
in SYSTEMPATH/Debug/Toolbar.php on line 197.
 1 SYSTEMPATH/Debug/Toolbar.php(197): CodeIgniter\Debug\Exceptions->errorHandler()
 2 SYSTEMPATH/Debug/Toolbar.php(180): CodeIgniter\Debug\Toolbar->renderTimelineRecursive()
 3 SYSTEMPATH/Debug/Toolbar/Views/toolbar.tpl.php(102): CodeIgniter\Debug\Toolbar->renderTimeline()
 4 SYSTEMPATH/Debug/Toolbar.php(513): include('/var/www/html/finalbnk/vendor/codeigniter4/framework/system/Debug/Toolbar/Views/toolbar.tpl.php')
 5 SYSTEMPATH/Debug/Toolbar.php(476): CodeIgniter\Debug\Toolbar->format()
 6 APPPATH/Config/Events.php(47): CodeIgniter\Debug\Toolbar->respond()
 7 SYSTEMPATH/Events/Events.php(154): CodeIgniter\Events\Events::Config\{closure}()
 8 SYSTEMPATH/CodeIgniter.php(442): CodeIgniter\Events\Events::trigger()
 9 SYSTEMPATH/CodeIgniter.php(361): CodeIgniter\CodeIgniter->handleRequest()
10 FCPATH/index.php(79): CodeIgniter\CodeIgniter->run()
11 SYSTEMPATH/Commands/Server/rewrite.php(47): require_once('/var/www/html/finalbnk/public/index.php')
INFO - 2025-08-11 16:52:41 --> Session: Class initialized using 'CodeIgniter\Session\Handlers\FileHandler' driver.
CRITICAL - 2025-08-11 16:52:41 --> Trying to access array offset on value of type null
in SYSTEMPATH/Debug/Toolbar.php on line 197.
 1 SYSTEMPATH/Debug/Toolbar.php(197): CodeIgniter\Debug\Exceptions->errorHandler()
 2 SYSTEMPATH/Debug/Toolbar.php(180): CodeIgniter\Debug\Toolbar->renderTimelineRecursive()
 3 SYSTEMPATH/Debug/Toolbar/Views/toolbar.tpl.php(102): CodeIgniter\Debug\Toolbar->renderTimeline()
 4 SYSTEMPATH/Debug/Toolbar.php(513): include('/var/www/html/finalbnk/vendor/codeigniter4/framework/system/Debug/Toolbar/Views/toolbar.tpl.php')
 5 SYSTEMPATH/Debug/Toolbar.php(476): CodeIgniter\Debug\Toolbar->format()
 6 APPPATH/Config/Events.php(47): CodeIgniter\Debug\Toolbar->respond()
 7 SYSTEMPATH/Events/Events.php(154): CodeIgniter\Events\Events::Config\{closure}()
 8 SYSTEMPATH/CodeIgniter.php(442): CodeIgniter\Events\Events::trigger()
 9 SYSTEMPATH/CodeIgniter.php(361): CodeIgniter\CodeIgniter->handleRequest()
10 FCPATH/index.php(79): CodeIgniter\CodeIgniter->run()
11 SYSTEMPATH/Commands/Server/rewrite.php(47): require_once('/var/www/html/finalbnk/public/index.php')
INFO - 2025-08-11 16:52:41 --> Session: Class initialized using 'CodeIgniter\Session\Handlers\FileHandler' driver.
CRITICAL - 2025-08-11 16:52:41 --> Trying to access array offset on value of type null
in SYSTEMPATH/Debug/Toolbar.php on line 197.
 1 SYSTEMPATH/Debug/Toolbar.php(197): CodeIgniter\Debug\Exceptions->errorHandler()
 2 SYSTEMPATH/Debug/Toolbar.php(180): CodeIgniter\Debug\Toolbar->renderTimelineRecursive()
 3 SYSTEMPATH/Debug/Toolbar/Views/toolbar.tpl.php(102): CodeIgniter\Debug\Toolbar->renderTimeline()
 4 SYSTEMPATH/Debug/Toolbar.php(513): include('/var/www/html/finalbnk/vendor/codeigniter4/framework/system/Debug/Toolbar/Views/toolbar.tpl.php')
 5 SYSTEMPATH/Debug/Toolbar.php(476): CodeIgniter\Debug\Toolbar->format()
 6 APPPATH/Config/Events.php(47): CodeIgniter\Debug\Toolbar->respond()
 7 SYSTEMPATH/Events/Events.php(154): CodeIgniter\Events\Events::Config\{closure}()
 8 SYSTEMPATH/CodeIgniter.php(442): CodeIgniter\Events\Events::trigger()
 9 SYSTEMPATH/CodeIgniter.php(361): CodeIgniter\CodeIgniter->handleRequest()
10 FCPATH/index.php(79): CodeIgniter\CodeIgniter->run()
11 SYSTEMPATH/Commands/Server/rewrite.php(47): require_once('/var/www/html/finalbnk/public/index.php')
INFO - 2025-08-11 16:52:41 --> Session: Class initialized using 'CodeIgniter\Session\Handlers\FileHandler' driver.
CRITICAL - 2025-08-11 16:52:41 --> Trying to access array offset on value of type null
in SYSTEMPATH/Debug/Toolbar.php on line 197.
 1 SYSTEMPATH/Debug/Toolbar.php(197): CodeIgniter\Debug\Exceptions->errorHandler()
 2 SYSTEMPATH/Debug/Toolbar.php(180): CodeIgniter\Debug\Toolbar->renderTimelineRecursive()
 3 SYSTEMPATH/Debug/Toolbar/Views/toolbar.tpl.php(102): CodeIgniter\Debug\Toolbar->renderTimeline()
 4 SYSTEMPATH/Debug/Toolbar.php(513): include('/var/www/html/finalbnk/vendor/codeigniter4/framework/system/Debug/Toolbar/Views/toolbar.tpl.php')
 5 SYSTEMPATH/Debug/Toolbar.php(476): CodeIgniter\Debug\Toolbar->format()
 6 APPPATH/Config/Events.php(47): CodeIgniter\Debug\Toolbar->respond()
 7 SYSTEMPATH/Events/Events.php(154): CodeIgniter\Events\Events::Config\{closure}()
 8 SYSTEMPATH/CodeIgniter.php(442): CodeIgniter\Events\Events::trigger()
 9 SYSTEMPATH/CodeIgniter.php(361): CodeIgniter\CodeIgniter->handleRequest()
10 FCPATH/index.php(79): CodeIgniter\CodeIgniter->run()
11 SYSTEMPATH/Commands/Server/rewrite.php(47): require_once('/var/www/html/finalbnk/public/index.php')
INFO - 2025-08-11 16:52:42 --> Session: Class initialized using 'CodeIgniter\Session\Handlers\FileHandler' driver.
CRITICAL - 2025-08-11 16:52:42 --> Trying to access array offset on value of type null
in SYSTEMPATH/Debug/Toolbar.php on line 197.
 1 SYSTEMPATH/Debug/Toolbar.php(197): CodeIgniter\Debug\Exceptions->errorHandler()
 2 SYSTEMPATH/Debug/Toolbar.php(180): CodeIgniter\Debug\Toolbar->renderTimelineRecursive()
 3 SYSTEMPATH/Debug/Toolbar/Views/toolbar.tpl.php(102): CodeIgniter\Debug\Toolbar->renderTimeline()
 4 SYSTEMPATH/Debug/Toolbar.php(513): include('/var/www/html/finalbnk/vendor/codeigniter4/framework/system/Debug/Toolbar/Views/toolbar.tpl.php')
 5 SYSTEMPATH/Debug/Toolbar.php(476): CodeIgniter\Debug\Toolbar->format()
 6 APPPATH/Config/Events.php(47): CodeIgniter\Debug\Toolbar->respond()
 7 SYSTEMPATH/Events/Events.php(154): CodeIgniter\Events\Events::Config\{closure}()
 8 SYSTEMPATH/CodeIgniter.php(442): CodeIgniter\Events\Events::trigger()
 9 SYSTEMPATH/CodeIgniter.php(361): CodeIgniter\CodeIgniter->handleRequest()
10 FCPATH/index.php(79): CodeIgniter\CodeIgniter->run()
11 SYSTEMPATH/Commands/Server/rewrite.php(47): require_once('/var/www/html/finalbnk/public/index.php')
INFO - 2025-08-11 16:52:42 --> Session: Class initialized using 'CodeIgniter\Session\Handlers\FileHandler' driver.
CRITICAL - 2025-08-11 16:52:42 --> Trying to access array offset on value of type null
in SYSTEMPATH/Debug/Toolbar.php on line 197.
 1 SYSTEMPATH/Debug/Toolbar.php(197): CodeIgniter\Debug\Exceptions->errorHandler()
 2 SYSTEMPATH/Debug/Toolbar.php(180): CodeIgniter\Debug\Toolbar->renderTimelineRecursive()
 3 SYSTEMPATH/Debug/Toolbar/Views/toolbar.tpl.php(102): CodeIgniter\Debug\Toolbar->renderTimeline()
 4 SYSTEMPATH/Debug/Toolbar.php(513): include('/var/www/html/finalbnk/vendor/codeigniter4/framework/system/Debug/Toolbar/Views/toolbar.tpl.php')
 5 SYSTEMPATH/Debug/Toolbar.php(476): CodeIgniter\Debug\Toolbar->format()
 6 APPPATH/Config/Events.php(47): CodeIgniter\Debug\Toolbar->respond()
 7 SYSTEMPATH/Events/Events.php(154): CodeIgniter\Events\Events::Config\{closure}()
 8 SYSTEMPATH/CodeIgniter.php(442): CodeIgniter\Events\Events::trigger()
 9 SYSTEMPATH/CodeIgniter.php(361): CodeIgniter\CodeIgniter->handleRequest()
10 FCPATH/index.php(79): CodeIgniter\CodeIgniter->run()
11 SYSTEMPATH/Commands/Server/rewrite.php(47): require_once('/var/www/html/finalbnk/public/index.php')
INFO - 2025-08-11 16:52:42 --> Session: Class initialized using 'CodeIgniter\Session\Handlers\FileHandler' driver.
CRITICAL - 2025-08-11 16:52:42 --> Trying to access array offset on value of type null
in SYSTEMPATH/Debug/Toolbar.php on line 197.
 1 SYSTEMPATH/Debug/Toolbar.php(197): CodeIgniter\Debug\Exceptions->errorHandler()
 2 SYSTEMPATH/Debug/Toolbar.php(180): CodeIgniter\Debug\Toolbar->renderTimelineRecursive()
 3 SYSTEMPATH/Debug/Toolbar/Views/toolbar.tpl.php(102): CodeIgniter\Debug\Toolbar->renderTimeline()
 4 SYSTEMPATH/Debug/Toolbar.php(513): include('/var/www/html/finalbnk/vendor/codeigniter4/framework/system/Debug/Toolbar/Views/toolbar.tpl.php')
 5 SYSTEMPATH/Debug/Toolbar.php(476): CodeIgniter\Debug\Toolbar->format()
 6 APPPATH/Config/Events.php(47): CodeIgniter\Debug\Toolbar->respond()
 7 SYSTEMPATH/Events/Events.php(154): CodeIgniter\Events\Events::Config\{closure}()
 8 SYSTEMPATH/CodeIgniter.php(442): CodeIgniter\Events\Events::trigger()
 9 SYSTEMPATH/CodeIgniter.php(361): CodeIgniter\CodeIgniter->handleRequest()
10 FCPATH/index.php(79): CodeIgniter\CodeIgniter->run()
11 SYSTEMPATH/Commands/Server/rewrite.php(47): require_once('/var/www/html/finalbnk/public/index.php')
INFO - 2025-08-11 16:52:42 --> Session: Class initialized using 'CodeIgniter\Session\Handlers\FileHandler' driver.
CRITICAL - 2025-08-11 16:52:42 --> Trying to access array offset on value of type null
in SYSTEMPATH/Debug/Toolbar.php on line 197.
 1 SYSTEMPATH/Debug/Toolbar.php(197): CodeIgniter\Debug\Exceptions->errorHandler()
 2 SYSTEMPATH/Debug/Toolbar.php(180): CodeIgniter\Debug\Toolbar->renderTimelineRecursive()
 3 SYSTEMPATH/Debug/Toolbar/Views/toolbar.tpl.php(102): CodeIgniter\Debug\Toolbar->renderTimeline()
 4 SYSTEMPATH/Debug/Toolbar.php(513): include('/var/www/html/finalbnk/vendor/codeigniter4/framework/system/Debug/Toolbar/Views/toolbar.tpl.php')
 5 SYSTEMPATH/Debug/Toolbar.php(476): CodeIgniter\Debug\Toolbar->format()
 6 APPPATH/Config/Events.php(47): CodeIgniter\Debug\Toolbar->respond()
 7 SYSTEMPATH/Events/Events.php(154): CodeIgniter\Events\Events::Config\{closure}()
 8 SYSTEMPATH/CodeIgniter.php(442): CodeIgniter\Events\Events::trigger()
 9 SYSTEMPATH/CodeIgniter.php(361): CodeIgniter\CodeIgniter->handleRequest()
10 FCPATH/index.php(79): CodeIgniter\CodeIgniter->run()
11 SYSTEMPATH/Commands/Server/rewrite.php(47): require_once('/var/www/html/finalbnk/public/index.php')
INFO - 2025-08-11 16:52:43 --> Session: Class initialized using 'CodeIgniter\Session\Handlers\FileHandler' driver.
CRITICAL - 2025-08-11 16:52:43 --> Trying to access array offset on value of type null
in SYSTEMPATH/Debug/Toolbar.php on line 197.
 1 SYSTEMPATH/Debug/Toolbar.php(197): CodeIgniter\Debug\Exceptions->errorHandler()
 2 SYSTEMPATH/Debug/Toolbar.php(180): CodeIgniter\Debug\Toolbar->renderTimelineRecursive()
 3 SYSTEMPATH/Debug/Toolbar/Views/toolbar.tpl.php(102): CodeIgniter\Debug\Toolbar->renderTimeline()
 4 SYSTEMPATH/Debug/Toolbar.php(513): include('/var/www/html/finalbnk/vendor/codeigniter4/framework/system/Debug/Toolbar/Views/toolbar.tpl.php')
 5 SYSTEMPATH/Debug/Toolbar.php(476): CodeIgniter\Debug\Toolbar->format()
 6 APPPATH/Config/Events.php(47): CodeIgniter\Debug\Toolbar->respond()
 7 SYSTEMPATH/Events/Events.php(154): CodeIgniter\Events\Events::Config\{closure}()
 8 SYSTEMPATH/CodeIgniter.php(442): CodeIgniter\Events\Events::trigger()
 9 SYSTEMPATH/CodeIgniter.php(361): CodeIgniter\CodeIgniter->handleRequest()
10 FCPATH/index.php(79): CodeIgniter\CodeIgniter->run()
11 SYSTEMPATH/Commands/Server/rewrite.php(47): require_once('/var/www/html/finalbnk/public/index.php')
INFO - 2025-08-11 16:52:43 --> Session: Class initialized using 'CodeIgniter\Session\Handlers\FileHandler' driver.
CRITICAL - 2025-08-11 16:52:43 --> Trying to access array offset on value of type null
in SYSTEMPATH/Debug/Toolbar.php on line 197.
 1 SYSTEMPATH/Debug/Toolbar.php(197): CodeIgniter\Debug\Exceptions->errorHandler()
 2 SYSTEMPATH/Debug/Toolbar.php(180): CodeIgniter\Debug\Toolbar->renderTimelineRecursive()
 3 SYSTEMPATH/Debug/Toolbar/Views/toolbar.tpl.php(102): CodeIgniter\Debug\Toolbar->renderTimeline()
 4 SYSTEMPATH/Debug/Toolbar.php(513): include('/var/www/html/finalbnk/vendor/codeigniter4/framework/system/Debug/Toolbar/Views/toolbar.tpl.php')
 5 SYSTEMPATH/Debug/Toolbar.php(476): CodeIgniter\Debug\Toolbar->format()
 6 APPPATH/Config/Events.php(47): CodeIgniter\Debug\Toolbar->respond()
 7 SYSTEMPATH/Events/Events.php(154): CodeIgniter\Events\Events::Config\{closure}()
 8 SYSTEMPATH/CodeIgniter.php(442): CodeIgniter\Events\Events::trigger()
 9 SYSTEMPATH/CodeIgniter.php(361): CodeIgniter\CodeIgniter->handleRequest()
10 FCPATH/index.php(79): CodeIgniter\CodeIgniter->run()
11 SYSTEMPATH/Commands/Server/rewrite.php(47): require_once('/var/www/html/finalbnk/public/index.php')
INFO - 2025-08-11 16:52:43 --> Session: Class initialized using 'CodeIgniter\Session\Handlers\FileHandler' driver.
CRITICAL - 2025-08-11 16:52:43 --> Trying to access array offset on value of type null
in SYSTEMPATH/Debug/Toolbar.php on line 197.
 1 SYSTEMPATH/Debug/Toolbar.php(197): CodeIgniter\Debug\Exceptions->errorHandler()
 2 SYSTEMPATH/Debug/Toolbar.php(180): CodeIgniter\Debug\Toolbar->renderTimelineRecursive()
 3 SYSTEMPATH/Debug/Toolbar/Views/toolbar.tpl.php(102): CodeIgniter\Debug\Toolbar->renderTimeline()
 4 SYSTEMPATH/Debug/Toolbar.php(513): include('/var/www/html/finalbnk/vendor/codeigniter4/framework/system/Debug/Toolbar/Views/toolbar.tpl.php')
 5 SYSTEMPATH/Debug/Toolbar.php(476): CodeIgniter\Debug\Toolbar->format()
 6 APPPATH/Config/Events.php(47): CodeIgniter\Debug\Toolbar->respond()
 7 SYSTEMPATH/Events/Events.php(154): CodeIgniter\Events\Events::Config\{closure}()
 8 SYSTEMPATH/CodeIgniter.php(442): CodeIgniter\Events\Events::trigger()
 9 SYSTEMPATH/CodeIgniter.php(361): CodeIgniter\CodeIgniter->handleRequest()
10 FCPATH/index.php(79): CodeIgniter\CodeIgniter->run()
11 SYSTEMPATH/Commands/Server/rewrite.php(47): require_once('/var/www/html/finalbnk/public/index.php')
INFO - 2025-08-11 16:52:43 --> Session: Class initialized using 'CodeIgniter\Session\Handlers\FileHandler' driver.
CRITICAL - 2025-08-11 16:52:43 --> Trying to access array offset on value of type null
in SYSTEMPATH/Debug/Toolbar.php on line 197.
 1 SYSTEMPATH/Debug/Toolbar.php(197): CodeIgniter\Debug\Exceptions->errorHandler()
 2 SYSTEMPATH/Debug/Toolbar.php(180): CodeIgniter\Debug\Toolbar->renderTimelineRecursive()
 3 SYSTEMPATH/Debug/Toolbar/Views/toolbar.tpl.php(102): CodeIgniter\Debug\Toolbar->renderTimeline()
 4 SYSTEMPATH/Debug/Toolbar.php(513): include('/var/www/html/finalbnk/vendor/codeigniter4/framework/system/Debug/Toolbar/Views/toolbar.tpl.php')
 5 SYSTEMPATH/Debug/Toolbar.php(476): CodeIgniter\Debug\Toolbar->format()
 6 APPPATH/Config/Events.php(47): CodeIgniter\Debug\Toolbar->respond()
 7 SYSTEMPATH/Events/Events.php(154): CodeIgniter\Events\Events::Config\{closure}()
 8 SYSTEMPATH/CodeIgniter.php(442): CodeIgniter\Events\Events::trigger()
 9 SYSTEMPATH/CodeIgniter.php(361): CodeIgniter\CodeIgniter->handleRequest()
10 FCPATH/index.php(79): CodeIgniter\CodeIgniter->run()
11 SYSTEMPATH/Commands/Server/rewrite.php(47): require_once('/var/www/html/finalbnk/public/index.php')
INFO - 2025-08-11 16:52:44 --> Session: Class initialized using 'CodeIgniter\Session\Handlers\FileHandler' driver.
CRITICAL - 2025-08-11 16:52:44 --> Trying to access array offset on value of type null
in SYSTEMPATH/Debug/Toolbar.php on line 197.
 1 SYSTEMPATH/Debug/Toolbar.php(197): CodeIgniter\Debug\Exceptions->errorHandler()
 2 SYSTEMPATH/Debug/Toolbar.php(180): CodeIgniter\Debug\Toolbar->renderTimelineRecursive()
 3 SYSTEMPATH/Debug/Toolbar/Views/toolbar.tpl.php(102): CodeIgniter\Debug\Toolbar->renderTimeline()
 4 SYSTEMPATH/Debug/Toolbar.php(513): include('/var/www/html/finalbnk/vendor/codeigniter4/framework/system/Debug/Toolbar/Views/toolbar.tpl.php')
 5 SYSTEMPATH/Debug/Toolbar.php(476): CodeIgniter\Debug\Toolbar->format()
 6 APPPATH/Config/Events.php(47): CodeIgniter\Debug\Toolbar->respond()
 7 SYSTEMPATH/Events/Events.php(154): CodeIgniter\Events\Events::Config\{closure}()
 8 SYSTEMPATH/CodeIgniter.php(442): CodeIgniter\Events\Events::trigger()
 9 SYSTEMPATH/CodeIgniter.php(361): CodeIgniter\CodeIgniter->handleRequest()
10 FCPATH/index.php(79): CodeIgniter\CodeIgniter->run()
11 SYSTEMPATH/Commands/Server/rewrite.php(47): require_once('/var/www/html/finalbnk/public/index.php')
INFO - 2025-08-11 16:52:44 --> Session: Class initialized using 'CodeIgniter\Session\Handlers\FileHandler' driver.
CRITICAL - 2025-08-11 16:52:44 --> Trying to access array offset on value of type null
in SYSTEMPATH/Debug/Toolbar.php on line 197.
 1 SYSTEMPATH/Debug/Toolbar.php(197): CodeIgniter\Debug\Exceptions->errorHandler()
 2 SYSTEMPATH/Debug/Toolbar.php(180): CodeIgniter\Debug\Toolbar->renderTimelineRecursive()
 3 SYSTEMPATH/Debug/Toolbar/Views/toolbar.tpl.php(102): CodeIgniter\Debug\Toolbar->renderTimeline()
 4 SYSTEMPATH/Debug/Toolbar.php(513): include('/var/www/html/finalbnk/vendor/codeigniter4/framework/system/Debug/Toolbar/Views/toolbar.tpl.php')
 5 SYSTEMPATH/Debug/Toolbar.php(476): CodeIgniter\Debug\Toolbar->format()
 6 APPPATH/Config/Events.php(47): CodeIgniter\Debug\Toolbar->respond()
 7 SYSTEMPATH/Events/Events.php(154): CodeIgniter\Events\Events::Config\{closure}()
 8 SYSTEMPATH/CodeIgniter.php(442): CodeIgniter\Events\Events::trigger()
 9 SYSTEMPATH/CodeIgniter.php(361): CodeIgniter\CodeIgniter->handleRequest()
10 FCPATH/index.php(79): CodeIgniter\CodeIgniter->run()
11 SYSTEMPATH/Commands/Server/rewrite.php(47): require_once('/var/www/html/finalbnk/public/index.php')
INFO - 2025-08-11 16:52:44 --> Session: Class initialized using 'CodeIgniter\Session\Handlers\FileHandler' driver.
CRITICAL - 2025-08-11 16:52:44 --> Trying to access array offset on value of type null
in SYSTEMPATH/Debug/Toolbar.php on line 197.
 1 SYSTEMPATH/Debug/Toolbar.php(197): CodeIgniter\Debug\Exceptions->errorHandler()
 2 SYSTEMPATH/Debug/Toolbar.php(180): CodeIgniter\Debug\Toolbar->renderTimelineRecursive()
 3 SYSTEMPATH/Debug/Toolbar/Views/toolbar.tpl.php(102): CodeIgniter\Debug\Toolbar->renderTimeline()
 4 SYSTEMPATH/Debug/Toolbar.php(513): include('/var/www/html/finalbnk/vendor/codeigniter4/framework/system/Debug/Toolbar/Views/toolbar.tpl.php')
 5 SYSTEMPATH/Debug/Toolbar.php(476): CodeIgniter\Debug\Toolbar->format()
 6 APPPATH/Config/Events.php(47): CodeIgniter\Debug\Toolbar->respond()
 7 SYSTEMPATH/Events/Events.php(154): CodeIgniter\Events\Events::Config\{closure}()
 8 SYSTEMPATH/CodeIgniter.php(442): CodeIgniter\Events\Events::trigger()
 9 SYSTEMPATH/CodeIgniter.php(361): CodeIgniter\CodeIgniter->handleRequest()
10 FCPATH/index.php(79): CodeIgniter\CodeIgniter->run()
11 SYSTEMPATH/Commands/Server/rewrite.php(47): require_once('/var/www/html/finalbnk/public/index.php')
INFO - 2025-08-11 16:52:45 --> Session: Class initialized using 'CodeIgniter\Session\Handlers\FileHandler' driver.
CRITICAL - 2025-08-11 16:52:45 --> Trying to access array offset on value of type null
in SYSTEMPATH/Debug/Toolbar.php on line 197.
 1 SYSTEMPATH/Debug/Toolbar.php(197): CodeIgniter\Debug\Exceptions->errorHandler()
 2 SYSTEMPATH/Debug/Toolbar.php(180): CodeIgniter\Debug\Toolbar->renderTimelineRecursive()
 3 SYSTEMPATH/Debug/Toolbar/Views/toolbar.tpl.php(102): CodeIgniter\Debug\Toolbar->renderTimeline()
 4 SYSTEMPATH/Debug/Toolbar.php(513): include('/var/www/html/finalbnk/vendor/codeigniter4/framework/system/Debug/Toolbar/Views/toolbar.tpl.php')
 5 SYSTEMPATH/Debug/Toolbar.php(476): CodeIgniter\Debug\Toolbar->format()
 6 APPPATH/Config/Events.php(47): CodeIgniter\Debug\Toolbar->respond()
 7 SYSTEMPATH/Events/Events.php(154): CodeIgniter\Events\Events::Config\{closure}()
 8 SYSTEMPATH/CodeIgniter.php(442): CodeIgniter\Events\Events::trigger()
 9 SYSTEMPATH/CodeIgniter.php(361): CodeIgniter\CodeIgniter->handleRequest()
10 FCPATH/index.php(79): CodeIgniter\CodeIgniter->run()
11 SYSTEMPATH/Commands/Server/rewrite.php(47): require_once('/var/www/html/finalbnk/public/index.php')
INFO - 2025-08-11 16:52:45 --> Session: Class initialized using 'CodeIgniter\Session\Handlers\FileHandler' driver.
CRITICAL - 2025-08-11 16:52:45 --> Trying to access array offset on value of type null
in SYSTEMPATH/Debug/Toolbar.php on line 197.
 1 SYSTEMPATH/Debug/Toolbar.php(197): CodeIgniter\Debug\Exceptions->errorHandler()
 2 SYSTEMPATH/Debug/Toolbar.php(180): CodeIgniter\Debug\Toolbar->renderTimelineRecursive()
 3 SYSTEMPATH/Debug/Toolbar/Views/toolbar.tpl.php(102): CodeIgniter\Debug\Toolbar->renderTimeline()
 4 SYSTEMPATH/Debug/Toolbar.php(513): include('/var/www/html/finalbnk/vendor/codeigniter4/framework/system/Debug/Toolbar/Views/toolbar.tpl.php')
 5 SYSTEMPATH/Debug/Toolbar.php(476): CodeIgniter\Debug\Toolbar->format()
 6 APPPATH/Config/Events.php(47): CodeIgniter\Debug\Toolbar->respond()
 7 SYSTEMPATH/Events/Events.php(154): CodeIgniter\Events\Events::Config\{closure}()
 8 SYSTEMPATH/CodeIgniter.php(442): CodeIgniter\Events\Events::trigger()
 9 SYSTEMPATH/CodeIgniter.php(361): CodeIgniter\CodeIgniter->handleRequest()
10 FCPATH/index.php(79): CodeIgniter\CodeIgniter->run()
11 SYSTEMPATH/Commands/Server/rewrite.php(47): require_once('/var/www/html/finalbnk/public/index.php')
INFO - 2025-08-11 16:52:45 --> Session: Class initialized using 'CodeIgniter\Session\Handlers\FileHandler' driver.
CRITICAL - 2025-08-11 16:52:45 --> Trying to access array offset on value of type null
in SYSTEMPATH/Debug/Toolbar.php on line 197.
 1 SYSTEMPATH/Debug/Toolbar.php(197): CodeIgniter\Debug\Exceptions->errorHandler()
 2 SYSTEMPATH/Debug/Toolbar.php(180): CodeIgniter\Debug\Toolbar->renderTimelineRecursive()
 3 SYSTEMPATH/Debug/Toolbar/Views/toolbar.tpl.php(102): CodeIgniter\Debug\Toolbar->renderTimeline()
 4 SYSTEMPATH/Debug/Toolbar.php(513): include('/var/www/html/finalbnk/vendor/codeigniter4/framework/system/Debug/Toolbar/Views/toolbar.tpl.php')
 5 SYSTEMPATH/Debug/Toolbar.php(476): CodeIgniter\Debug\Toolbar->format()
 6 APPPATH/Config/Events.php(47): CodeIgniter\Debug\Toolbar->respond()
 7 SYSTEMPATH/Events/Events.php(154): CodeIgniter\Events\Events::Config\{closure}()
 8 SYSTEMPATH/CodeIgniter.php(442): CodeIgniter\Events\Events::trigger()
 9 SYSTEMPATH/CodeIgniter.php(361): CodeIgniter\CodeIgniter->handleRequest()
10 FCPATH/index.php(79): CodeIgniter\CodeIgniter->run()
11 SYSTEMPATH/Commands/Server/rewrite.php(47): require_once('/var/www/html/finalbnk/public/index.php')
INFO - 2025-08-11 16:52:45 --> Session: Class initialized using 'CodeIgniter\Session\Handlers\FileHandler' driver.
CRITICAL - 2025-08-11 16:52:45 --> Trying to access array offset on value of type null
in SYSTEMPATH/Debug/Toolbar.php on line 197.
 1 SYSTEMPATH/Debug/Toolbar.php(197): CodeIgniter\Debug\Exceptions->errorHandler()
 2 SYSTEMPATH/Debug/Toolbar.php(180): CodeIgniter\Debug\Toolbar->renderTimelineRecursive()
 3 SYSTEMPATH/Debug/Toolbar/Views/toolbar.tpl.php(102): CodeIgniter\Debug\Toolbar->renderTimeline()
 4 SYSTEMPATH/Debug/Toolbar.php(513): include('/var/www/html/finalbnk/vendor/codeigniter4/framework/system/Debug/Toolbar/Views/toolbar.tpl.php')
 5 SYSTEMPATH/Debug/Toolbar.php(476): CodeIgniter\Debug\Toolbar->format()
 6 APPPATH/Config/Events.php(47): CodeIgniter\Debug\Toolbar->respond()
 7 SYSTEMPATH/Events/Events.php(154): CodeIgniter\Events\Events::Config\{closure}()
 8 SYSTEMPATH/CodeIgniter.php(442): CodeIgniter\Events\Events::trigger()
 9 SYSTEMPATH/CodeIgniter.php(361): CodeIgniter\CodeIgniter->handleRequest()
10 FCPATH/index.php(79): CodeIgniter\CodeIgniter->run()
11 SYSTEMPATH/Commands/Server/rewrite.php(47): require_once('/var/www/html/finalbnk/public/index.php')
INFO - 2025-08-11 16:55:07 --> Session: Class initialized using 'CodeIgniter\Session\Handlers\FileHandler' driver.
CRITICAL - 2025-08-11 16:55:07 --> Undefined variable $str
in APPPATH/Controllers/Home.php on line 28.
 1 APPPATH/Controllers/Home.php(28): CodeIgniter\Debug\Exceptions->errorHandler()
 2 SYSTEMPATH/CodeIgniter.php(942): App\Controllers\Home->index()
 3 SYSTEMPATH/CodeIgniter.php(502): CodeIgniter\CodeIgniter->runController()
 4 SYSTEMPATH/CodeIgniter.php(361): CodeIgniter\CodeIgniter->handleRequest()
 5 FCPATH/index.php(79): CodeIgniter\CodeIgniter->run()
 6 SYSTEMPATH/Commands/Server/rewrite.php(47): require_once('/var/www/html/finalbnk/public/index.php')
INFO - 2025-08-11 16:55:21 --> Session: Class initialized using 'CodeIgniter\Session\Handlers\FileHandler' driver.
INFO - 2025-08-11 16:56:49 --> Session: Class initialized using 'CodeIgniter\Session\Handlers\FileHandler' driver.
